[0.012s] Invoking command in '/home/sid/RBE500/final-project/src/build/rrbot_gazebo': AMENT_PREFIX_PATH=/home/sid/RBE500/final-project/src/install/rrbot_description:${AMENT_PREFIX_PATH} CMAKE_PREFIX_PATH=/home/sid/RBE500/final-project/src/install/rrbot_description:/home/sid/RBE500/final-project/install/rrbot_gazebo:/home/sid/RBE500/final-project/install/rrbot_description:/opt/ros/humble PS1=(rbe-500) \[\e]0;\u@\h: \w\a\]${debian_chroot:+($debian_chroot)}\[\033[01;32m\]\u@\h\[\033[00m\]:\[\033[01;34m\]\w\[\033[00m\]\$ VIRTUAL_ENV_PROMPT=(rbe-500) /usr/bin/cmake /home/sid/RBE500/final-project/src/rrbot_simulation_files/rrbot_gazebo -DCMAKE_INSTALL_PREFIX=/home/sid/RBE500/final-project/src/install/rrbot_gazebo
[0.074s] -- The C compiler identification is GNU 11.3.0
[0.130s] -- The CXX compiler identification is GNU 11.3.0
[0.136s] -- Detecting C compiler ABI info
[0.205s] -- Detecting C compiler ABI info - done
[0.212s] -- Check for working C compiler: /usr/bin/cc - skipped
[0.212s] -- Detecting C compile features
[0.213s] -- Detecting C compile features - done
[0.217s] -- Detecting CXX compiler ABI info
[0.294s] -- Detecting CXX compiler ABI info - done
[0.302s] -- Check for working CXX compiler: /usr/bin/c++ - skipped
[0.303s] -- Detecting CXX compile features
[0.303s] -- Detecting CXX compile features - done
[0.305s] -- Found ament_cmake: 1.3.2 (/opt/ros/humble/share/ament_cmake/cmake)
[0.444s] -- Found Python3: /home/sid/python-environments/rbe-500/bin/python3.10 (found version "3.10.6") found components: Interpreter 
[0.529s] -- Found rclcpp: 16.0.1 (/opt/ros/humble/share/rclcpp/cmake)
[0.587s] -- Found rosidl_generator_c: 3.1.3 (/opt/ros/humble/share/rosidl_generator_c/cmake)
[0.596s] -- Found rosidl_adapter: 3.1.3 (/opt/ros/humble/share/rosidl_adapter/cmake)
[0.610s] -- Found rosidl_generator_cpp: 3.1.3 (/opt/ros/humble/share/rosidl_generator_cpp/cmake)
[0.635s] -- Using all available rosidl_typesupport_c: rosidl_typesupport_fastrtps_c;rosidl_typesupport_introspection_c
[0.670s] -- Using all available rosidl_typesupport_cpp: rosidl_typesupport_fastrtps_cpp;rosidl_typesupport_introspection_cpp
[0.786s] -- Found rmw_implementation_cmake: 6.1.0 (/opt/ros/humble/share/rmw_implementation_cmake/cmake)
[0.790s] -- Found rmw_fastrtps_cpp: 6.2.1 (/opt/ros/humble/share/rmw_fastrtps_cpp/cmake)
[0.943s] -- Found OpenSSL: /usr/lib/x86_64-linux-gnu/libcrypto.so (found version "3.0.2")  
[0.988s] -- Found FastRTPS: /opt/ros/humble/include  
[1.065s] -- Using RMW implementation 'rmw_fastrtps_cpp' as default
[1.417s] -- Found controller_manager_msgs: 2.16.0 (/opt/ros/humble/share/controller_manager_msgs/cmake)
[1.703s] -- Configuring done
[1.725s] -- Generating done
[1.728s] -- Build files have been written to: /home/sid/RBE500/final-project/src/build/rrbot_gazebo
[1.767s] Invoked command in '/home/sid/RBE500/final-project/src/build/rrbot_gazebo' returned '0': AMENT_PREFIX_PATH=/home/sid/RBE500/final-project/src/install/rrbot_description:${AMENT_PREFIX_PATH} CMAKE_PREFIX_PATH=/home/sid/RBE500/final-project/src/install/rrbot_description:/home/sid/RBE500/final-project/install/rrbot_gazebo:/home/sid/RBE500/final-project/install/rrbot_description:/opt/ros/humble PS1=(rbe-500) \[\e]0;\u@\h: \w\a\]${debian_chroot:+($debian_chroot)}\[\033[01;32m\]\u@\h\[\033[00m\]:\[\033[01;34m\]\w\[\033[00m\]\$ VIRTUAL_ENV_PROMPT=(rbe-500) /usr/bin/cmake /home/sid/RBE500/final-project/src/rrbot_simulation_files/rrbot_gazebo -DCMAKE_INSTALL_PREFIX=/home/sid/RBE500/final-project/src/install/rrbot_gazebo
[1.768s] Invoking command in '/home/sid/RBE500/final-project/src/build/rrbot_gazebo': AMENT_PREFIX_PATH=/home/sid/RBE500/final-project/src/install/rrbot_description:${AMENT_PREFIX_PATH} CMAKE_PREFIX_PATH=/home/sid/RBE500/final-project/src/install/rrbot_description:/home/sid/RBE500/final-project/install/rrbot_gazebo:/home/sid/RBE500/final-project/install/rrbot_description:/opt/ros/humble PS1=(rbe-500) \[\e]0;\u@\h: \w\a\]${debian_chroot:+($debian_chroot)}\[\033[01;32m\]\u@\h\[\033[00m\]:\[\033[01;34m\]\w\[\033[00m\]\$ VIRTUAL_ENV_PROMPT=(rbe-500) /usr/bin/cmake --build /home/sid/RBE500/final-project/src/build/rrbot_gazebo -- -j4 -l4
[1.848s] [ 25%] [32mBuilding CXX object CMakeFiles/publisher.dir/src/position_publisher.cpp.o[0m
[1.899s] [ 50%] [32mBuilding CXX object CMakeFiles/switch.dir/src/controller_switch.cpp.o[0m
[7.054s] [ 75%] [32m[1mLinking CXX executable switch[0m
[7.235s] [ 75%] Built target switch
[8.074s] [100%] [32m[1mLinking CXX executable publisher[0m
[8.265s] [100%] Built target publisher
[8.277s] Invoked command in '/home/sid/RBE500/final-project/src/build/rrbot_gazebo' returned '0': AMENT_PREFIX_PATH=/home/sid/RBE500/final-project/src/install/rrbot_description:${AMENT_PREFIX_PATH} CMAKE_PREFIX_PATH=/home/sid/RBE500/final-project/src/install/rrbot_description:/home/sid/RBE500/final-project/install/rrbot_gazebo:/home/sid/RBE500/final-project/install/rrbot_description:/opt/ros/humble PS1=(rbe-500) \[\e]0;\u@\h: \w\a\]${debian_chroot:+($debian_chroot)}\[\033[01;32m\]\u@\h\[\033[00m\]:\[\033[01;34m\]\w\[\033[00m\]\$ VIRTUAL_ENV_PROMPT=(rbe-500) /usr/bin/cmake --build /home/sid/RBE500/final-project/src/build/rrbot_gazebo -- -j4 -l4
[8.311s] Invoking command in '/home/sid/RBE500/final-project/src/build/rrbot_gazebo': AMENT_PREFIX_PATH=/home/sid/RBE500/final-project/src/install/rrbot_description:${AMENT_PREFIX_PATH} CMAKE_PREFIX_PATH=/home/sid/RBE500/final-project/src/install/rrbot_description:/home/sid/RBE500/final-project/install/rrbot_gazebo:/home/sid/RBE500/final-project/install/rrbot_description:/opt/ros/humble PS1=(rbe-500) \[\e]0;\u@\h: \w\a\]${debian_chroot:+($debian_chroot)}\[\033[01;32m\]\u@\h\[\033[00m\]:\[\033[01;34m\]\w\[\033[00m\]\$ VIRTUAL_ENV_PROMPT=(rbe-500) /usr/bin/cmake --install /home/sid/RBE500/final-project/src/build/rrbot_gazebo
[8.319s] -- Install configuration: ""
[8.319s] -- Installing: /home/sid/RBE500/final-project/src/install/rrbot_gazebo/lib/rrbot_gazebo/publisher
[8.321s] -- Set runtime path of "/home/sid/RBE500/final-project/src/install/rrbot_gazebo/lib/rrbot_gazebo/publisher" to ""
[8.321s] -- Installing: /home/sid/RBE500/final-project/src/install/rrbot_gazebo/lib/rrbot_gazebo/switch
[8.322s] -- Set runtime path of "/home/sid/RBE500/final-project/src/install/rrbot_gazebo/lib/rrbot_gazebo/switch" to ""
[8.322s] -- Installing: /home/sid/RBE500/final-project/src/install/rrbot_gazebo/share/rrbot_gazebo/launch
[8.322s] -- Installing: /home/sid/RBE500/final-project/src/install/rrbot_gazebo/share/rrbot_gazebo/launch/rrbot_world.launch.py
[8.322s] -- Installing: /home/sid/RBE500/final-project/src/install/rrbot_gazebo/share/rrbot_gazebo/worlds
[8.323s] -- Installing: /home/sid/RBE500/final-project/src/install/rrbot_gazebo/share/rrbot_gazebo/worlds/rrbot.world
[8.323s] -- Installing: /home/sid/RBE500/final-project/src/install/rrbot_gazebo/share/rrbot_gazebo/config
[8.323s] -- Installing: /home/sid/RBE500/final-project/src/install/rrbot_gazebo/share/rrbot_gazebo/config/gazebo_controllers.yaml
[8.323s] -- Installing: /home/sid/RBE500/final-project/src/install/rrbot_gazebo/share/rrbot_gazebo/config/controllers.yaml
[8.323s] -- Installing: /home/sid/RBE500/final-project/src/install/rrbot_gazebo/share/ament_index/resource_index/package_run_dependencies/rrbot_gazebo
[8.323s] -- Installing: /home/sid/RBE500/final-project/src/install/rrbot_gazebo/share/ament_index/resource_index/parent_prefix_path/rrbot_gazebo
[8.324s] -- Installing: /home/sid/RBE500/final-project/src/install/rrbot_gazebo/share/rrbot_gazebo/environment/ament_prefix_path.sh
[8.324s] -- Installing: /home/sid/RBE500/final-project/src/install/rrbot_gazebo/share/rrbot_gazebo/environment/ament_prefix_path.dsv
[8.324s] -- Installing: /home/sid/RBE500/final-project/src/install/rrbot_gazebo/share/rrbot_gazebo/environment/path.sh
[8.324s] -- Installing: /home/sid/RBE500/final-project/src/install/rrbot_gazebo/share/rrbot_gazebo/environment/path.dsv
[8.324s] -- Installing: /home/sid/RBE500/final-project/src/install/rrbot_gazebo/share/rrbot_gazebo/local_setup.bash
[8.324s] -- Installing: /home/sid/RBE500/final-project/src/install/rrbot_gazebo/share/rrbot_gazebo/local_setup.sh
[8.324s] -- Installing: /home/sid/RBE500/final-project/src/install/rrbot_gazebo/share/rrbot_gazebo/local_setup.zsh
[8.325s] -- Installing: /home/sid/RBE500/final-project/src/install/rrbot_gazebo/share/rrbot_gazebo/local_setup.dsv
[8.325s] -- Installing: /home/sid/RBE500/final-project/src/install/rrbot_gazebo/share/rrbot_gazebo/package.dsv
[8.325s] -- Installing: /home/sid/RBE500/final-project/src/install/rrbot_gazebo/share/ament_index/resource_index/packages/rrbot_gazebo
[8.325s] -- Installing: /home/sid/RBE500/final-project/src/install/rrbot_gazebo/share/rrbot_gazebo/cmake/rrbot_gazeboConfig.cmake
[8.325s] -- Installing: /home/sid/RBE500/final-project/src/install/rrbot_gazebo/share/rrbot_gazebo/cmake/rrbot_gazeboConfig-version.cmake
[8.325s] -- Installing: /home/sid/RBE500/final-project/src/install/rrbot_gazebo/share/rrbot_gazebo/package.xml
[8.330s] Invoked command in '/home/sid/RBE500/final-project/src/build/rrbot_gazebo' returned '0': AMENT_PREFIX_PATH=/home/sid/RBE500/final-project/src/install/rrbot_description:${AMENT_PREFIX_PATH} CMAKE_PREFIX_PATH=/home/sid/RBE500/final-project/src/install/rrbot_description:/home/sid/RBE500/final-project/install/rrbot_gazebo:/home/sid/RBE500/final-project/install/rrbot_description:/opt/ros/humble PS1=(rbe-500) \[\e]0;\u@\h: \w\a\]${debian_chroot:+($debian_chroot)}\[\033[01;32m\]\u@\h\[\033[00m\]:\[\033[01;34m\]\w\[\033[00m\]\$ VIRTUAL_ENV_PROMPT=(rbe-500) /usr/bin/cmake --install /home/sid/RBE500/final-project/src/build/rrbot_gazebo
