[0.543s] Invoking command in '/home/sid/RBE500/ros/src/py_intpubsub': PS1=(rbe-500) \[\e]0;\u@\h: \w\a\]${debian_chroot:+($debian_chroot)}\[\033[01;32m\]\u@\h\[\033[00m\]:\[\033[01;34m\]\w\[\033[00m\]\$ PYTHONPATH=/home/sid/RBE500/ros/install/py_intpubsub/lib/python3.10/site-packages:${PYTHONPATH} VIRTUAL_ENV_PROMPT=(rbe-500) /usr/bin/python3 setup.py egg_info --egg-base ../../build/py_intpubsub build --build-base /home/sid/RBE500/ros/build/py_intpubsub/build install --prefix /home/sid/RBE500/ros/install/py_intpubsub --record /home/sid/RBE500/ros/build/py_intpubsub/install.log --single-version-externally-managed
[0.755s] running egg_info
[0.756s] writing ../../build/py_intpubsub/py_intpubsub.egg-info/PKG-INFO
[0.756s] writing dependency_links to ../../build/py_intpubsub/py_intpubsub.egg-info/dependency_links.txt
[0.756s] writing entry points to ../../build/py_intpubsub/py_intpubsub.egg-info/entry_points.txt
[0.756s] writing requirements to ../../build/py_intpubsub/py_intpubsub.egg-info/requires.txt
[0.756s] writing top-level names to ../../build/py_intpubsub/py_intpubsub.egg-info/top_level.txt
[0.759s] reading manifest file '../../build/py_intpubsub/py_intpubsub.egg-info/SOURCES.txt'
[0.760s] writing manifest file '../../build/py_intpubsub/py_intpubsub.egg-info/SOURCES.txt'
[0.760s] running build
[0.760s] running build_py
[0.760s] running install
[0.761s] /usr/lib/python3/dist-packages/setuptools/command/install.py:34: SetuptoolsDeprecationWarning: setup.py install is deprecated. Use build and pip and other standards-based tools.
[0.761s]   warnings.warn(
[0.761s] running install_lib
[0.762s] running install_data
[0.762s] running install_egg_info
[0.764s] removing '/home/sid/RBE500/ros/install/py_intpubsub/lib/python3.10/site-packages/py_intpubsub-0.0.0-py3.10.egg-info' (and everything under it)
[0.764s] Copying ../../build/py_intpubsub/py_intpubsub.egg-info to /home/sid/RBE500/ros/install/py_intpubsub/lib/python3.10/site-packages/py_intpubsub-0.0.0-py3.10.egg-info
[0.765s] running install_scripts
[0.783s] Installing listener script to /home/sid/RBE500/ros/install/py_intpubsub/lib/py_intpubsub
[0.784s] Installing talker script to /home/sid/RBE500/ros/install/py_intpubsub/lib/py_intpubsub
[0.784s] writing list of installed files to '/home/sid/RBE500/ros/build/py_intpubsub/install.log'
[0.809s] Invoked command in '/home/sid/RBE500/ros/src/py_intpubsub' returned '0': PS1=(rbe-500) \[\e]0;\u@\h: \w\a\]${debian_chroot:+($debian_chroot)}\[\033[01;32m\]\u@\h\[\033[00m\]:\[\033[01;34m\]\w\[\033[00m\]\$ PYTHONPATH=/home/sid/RBE500/ros/install/py_intpubsub/lib/python3.10/site-packages:${PYTHONPATH} VIRTUAL_ENV_PROMPT=(rbe-500) /usr/bin/python3 setup.py egg_info --egg-base ../../build/py_intpubsub build --build-base /home/sid/RBE500/ros/build/py_intpubsub/build install --prefix /home/sid/RBE500/ros/install/py_intpubsub --record /home/sid/RBE500/ros/build/py_intpubsub/install.log --single-version-externally-managed
