running egg_info
writing ../../build/rrr/rrr.egg-info/PKG-INFO
writing dependency_links to ../../build/rrr/rrr.egg-info/dependency_links.txt
writing entry points to ../../build/rrr/rrr.egg-info/entry_points.txt
writing requirements to ../../build/rrr/rrr.egg-info/requires.txt
writing top-level names to ../../build/rrr/rrr.egg-info/top_level.txt
reading manifest file '../../build/rrr/rrr.egg-info/SOURCES.txt'
writing manifest file '../../build/rrr/rrr.egg-info/SOURCES.txt'
running build
running build_py
running install
running install_lib
running install_data
copying resource/rrr -> /home/sid/RBE500/ros/install/rrr/share/ament_index/resource_index/packages
copying package.xml -> /home/sid/RBE500/ros/install/rrr/share/rrr
running install_egg_info
Copying ../../build/rrr/rrr.egg-info to /home/sid/RBE500/ros/install/rrr/lib/python3.10/site-packages/rrr-0.0.0-py3.10.egg-info
running install_scripts
Installing man_3_5 script to /home/sid/RBE500/ros/install/rrr/lib/rrr
writing list of installed files to '/home/sid/RBE500/ros/build/rrr/install.log'
