[0.570s] Invoking command in '/home/sid/RBE500/ros/src/rrr': PS1=(rbe-500) \[\e]0;\u@\h: \w\a\]${debian_chroot:+($debian_chroot)}\[\033[01;32m\]\u@\h\[\033[00m\]:\[\033[01;34m\]\w\[\033[00m\]\$ PYTHONPATH=/home/sid/RBE500/ros/install/rrr/lib/python3.10/site-packages:${PYTHONPATH} VIRTUAL_ENV_PROMPT=(rbe-500) /usr/bin/python3 setup.py egg_info --egg-base ../../build/rrr build --build-base /home/sid/RBE500/ros/build/rrr/build install --prefix /home/sid/RBE500/ros/install/rrr --record /home/sid/RBE500/ros/build/rrr/install.log --single-version-externally-managed
[0.799s] running egg_info
[0.799s] writing ../../build/rrr/rrr.egg-info/PKG-INFO
[0.799s] writing dependency_links to ../../build/rrr/rrr.egg-info/dependency_links.txt
[0.800s] writing entry points to ../../build/rrr/rrr.egg-info/entry_points.txt
[0.800s] writing requirements to ../../build/rrr/rrr.egg-info/requires.txt
[0.800s] writing top-level names to ../../build/rrr/rrr.egg-info/top_level.txt
[0.802s] reading manifest file '../../build/rrr/rrr.egg-info/SOURCES.txt'
[0.803s] writing manifest file '../../build/rrr/rrr.egg-info/SOURCES.txt'
[0.804s] running build
[0.804s] running build_py
[0.804s] running install
[0.804s] /usr/lib/python3/dist-packages/setuptools/command/install.py:34: SetuptoolsDeprecationWarning: setup.py install is deprecated. Use build and pip and other standards-based tools.
[0.804s]   warnings.warn(
[0.805s] running install_lib
[0.806s] running install_data
[0.806s] copying resource/rrr -> /home/sid/RBE500/ros/install/rrr/share/ament_index/resource_index/packages
[0.806s] copying package.xml -> /home/sid/RBE500/ros/install/rrr/share/rrr
[0.807s] running install_egg_info
[0.809s] Copying ../../build/rrr/rrr.egg-info to /home/sid/RBE500/ros/install/rrr/lib/python3.10/site-packages/rrr-0.0.0-py3.10.egg-info
[0.810s] running install_scripts
[0.832s] Installing man_3_5 script to /home/sid/RBE500/ros/install/rrr/lib/rrr
[0.832s] writing list of installed files to '/home/sid/RBE500/ros/build/rrr/install.log'
[0.861s] Invoked command in '/home/sid/RBE500/ros/src/rrr' returned '0': PS1=(rbe-500) \[\e]0;\u@\h: \w\a\]${debian_chroot:+($debian_chroot)}\[\033[01;32m\]\u@\h\[\033[00m\]:\[\033[01;34m\]\w\[\033[00m\]\$ PYTHONPATH=/home/sid/RBE500/ros/install/rrr/lib/python3.10/site-packages:${PYTHONPATH} VIRTUAL_ENV_PROMPT=(rbe-500) /usr/bin/python3 setup.py egg_info --egg-base ../../build/rrr build --build-base /home/sid/RBE500/ros/build/rrr/build install --prefix /home/sid/RBE500/ros/install/rrr --record /home/sid/RBE500/ros/build/rrr/install.log --single-version-externally-managed
