running egg_info
writing ../../build/py_intpubsub/py_intpubsub.egg-info/PKG-INFO
writing dependency_links to ../../build/py_intpubsub/py_intpubsub.egg-info/dependency_links.txt
writing entry points to ../../build/py_intpubsub/py_intpubsub.egg-info/entry_points.txt
writing requirements to ../../build/py_intpubsub/py_intpubsub.egg-info/requires.txt
writing top-level names to ../../build/py_intpubsub/py_intpubsub.egg-info/top_level.txt
reading manifest file '../../build/py_intpubsub/py_intpubsub.egg-info/SOURCES.txt'
writing manifest file '../../build/py_intpubsub/py_intpubsub.egg-info/SOURCES.txt'
running build
running build_py
copying py_intpubsub/int_subscriber.py -> /home/sid/RBE500/ros/build/py_intpubsub/build/lib/py_intpubsub
running install
/usr/lib/python3/dist-packages/setuptools/command/install.py:34: SetuptoolsDeprecationWarning: setup.py install is deprecated. Use build and pip and other standards-based tools.
  warnings.warn(
running install_lib
copying /home/sid/RBE500/ros/build/py_intpubsub/build/lib/py_intpubsub/int_subscriber.py -> /home/sid/RBE500/ros/install/py_intpubsub/lib/python3.10/site-packages/py_intpubsub
byte-compiling /home/sid/RBE500/ros/install/py_intpubsub/lib/python3.10/site-packages/py_intpubsub/int_subscriber.py to int_subscriber.cpython-310.pyc
running install_data
running install_egg_info
removing '/home/sid/RBE500/ros/install/py_intpubsub/lib/python3.10/site-packages/py_intpubsub-0.0.0-py3.10.egg-info' (and everything under it)
Copying ../../build/py_intpubsub/py_intpubsub.egg-info to /home/sid/RBE500/ros/install/py_intpubsub/lib/python3.10/site-packages/py_intpubsub-0.0.0-py3.10.egg-info
running install_scripts
Installing listener script to /home/sid/RBE500/ros/install/py_intpubsub/lib/py_intpubsub
Installing talker script to /home/sid/RBE500/ros/install/py_intpubsub/lib/py_intpubsub
writing list of installed files to '/home/sid/RBE500/ros/build/py_intpubsub/install.log'
