running egg_info
creating ../../build/rrr/rrr.egg-info
writing ../../build/rrr/rrr.egg-info/PKG-INFO
writing dependency_links to ../../build/rrr/rrr.egg-info/dependency_links.txt
writing entry points to ../../build/rrr/rrr.egg-info/entry_points.txt
writing requirements to ../../build/rrr/rrr.egg-info/requires.txt
writing top-level names to ../../build/rrr/rrr.egg-info/top_level.txt
writing manifest file '../../build/rrr/rrr.egg-info/SOURCES.txt'
reading manifest file '../../build/rrr/rrr.egg-info/SOURCES.txt'
writing manifest file '../../build/rrr/rrr.egg-info/SOURCES.txt'
running build
running build_py
creating /home/sid/RBE500/ros/build/rrr/build
creating /home/sid/RBE500/ros/build/rrr/build/lib
creating /home/sid/RBE500/ros/build/rrr/build/lib/rrr
copying rrr/3_5_robot.py -> /home/sid/RBE500/ros/build/rrr/build/lib/rrr
copying rrr/__init__.py -> /home/sid/RBE500/ros/build/rrr/build/lib/rrr
running install
/usr/lib/python3/dist-packages/setuptools/command/install.py:34: SetuptoolsDeprecationWarning: setup.py install is deprecated. Use build and pip and other standards-based tools.
  warnings.warn(
running install_lib
creating /home/sid/RBE500/ros/install/rrr/lib/python3.10/site-packages/rrr
copying /home/sid/RBE500/ros/build/rrr/build/lib/rrr/3_5_robot.py -> /home/sid/RBE500/ros/install/rrr/lib/python3.10/site-packages/rrr
copying /home/sid/RBE500/ros/build/rrr/build/lib/rrr/__init__.py -> /home/sid/RBE500/ros/install/rrr/lib/python3.10/site-packages/rrr
byte-compiling /home/sid/RBE500/ros/install/rrr/lib/python3.10/site-packages/rrr/3_5_robot.py to 3_5_robot.cpython-310.pyc
byte-compiling /home/sid/RBE500/ros/install/rrr/lib/python3.10/site-packages/rrr/__init__.py to __init__.cpython-310.pyc
running install_data
creating /home/sid/RBE500/ros/install/rrr/share/ament_index
creating /home/sid/RBE500/ros/install/rrr/share/ament_index/resource_index
creating /home/sid/RBE500/ros/install/rrr/share/ament_index/resource_index/packages
error: can't copy 'resource/rrr': doesn't exist or not a regular file
