[0.608s] Invoking command in '/home/sid/RBE500/ros/src/rrr': PS1=(rbe-500) \[\e]0;\u@\h: \w\a\]${debian_chroot:+($debian_chroot)}\[\033[01;32m\]\u@\h\[\033[00m\]:\[\033[01;34m\]\w\[\033[00m\]\$ PYTHONPATH=/home/sid/RBE500/ros/install/rrr/lib/python3.10/site-packages:${PYTHONPATH} VIRTUAL_ENV_PROMPT=(rbe-500) /usr/bin/python3 setup.py egg_info --egg-base ../../build/rrr build --build-base /home/sid/RBE500/ros/build/rrr/build install --prefix /home/sid/RBE500/ros/install/rrr --record /home/sid/RBE500/ros/build/rrr/install.log --single-version-externally-managed
[0.836s] running egg_info
[0.836s] creating ../../build/rrr/rrr.egg-info
[0.836s] writing ../../build/rrr/rrr.egg-info/PKG-INFO
[0.837s] writing dependency_links to ../../build/rrr/rrr.egg-info/dependency_links.txt
[0.837s] writing entry points to ../../build/rrr/rrr.egg-info/entry_points.txt
[0.837s] writing requirements to ../../build/rrr/rrr.egg-info/requires.txt
[0.837s] writing top-level names to ../../build/rrr/rrr.egg-info/top_level.txt
[0.837s] writing manifest file '../../build/rrr/rrr.egg-info/SOURCES.txt'
[0.840s] reading manifest file '../../build/rrr/rrr.egg-info/SOURCES.txt'
[0.841s] writing manifest file '../../build/rrr/rrr.egg-info/SOURCES.txt'
[0.841s] running build
[0.841s] running build_py
[0.841s] creating /home/sid/RBE500/ros/build/rrr/build
[0.841s] creating /home/sid/RBE500/ros/build/rrr/build/lib
[0.842s] creating /home/sid/RBE500/ros/build/rrr/build/lib/rrr
[0.842s] copying rrr/3_5_robot.py -> /home/sid/RBE500/ros/build/rrr/build/lib/rrr
[0.842s] copying rrr/__init__.py -> /home/sid/RBE500/ros/build/rrr/build/lib/rrr
[0.842s] running install
[0.848s] /usr/lib/python3/dist-packages/setuptools/command/install.py:34: SetuptoolsDeprecationWarning: setup.py install is deprecated. Use build and pip and other standards-based tools.
[0.849s]   warnings.warn(
[0.850s] running install_lib
[0.853s] creating /home/sid/RBE500/ros/install/rrr/lib/python3.10/site-packages/rrr
[0.854s] copying /home/sid/RBE500/ros/build/rrr/build/lib/rrr/3_5_robot.py -> /home/sid/RBE500/ros/install/rrr/lib/python3.10/site-packages/rrr
[0.854s] copying /home/sid/RBE500/ros/build/rrr/build/lib/rrr/__init__.py -> /home/sid/RBE500/ros/install/rrr/lib/python3.10/site-packages/rrr
[0.855s] byte-compiling /home/sid/RBE500/ros/install/rrr/lib/python3.10/site-packages/rrr/3_5_robot.py to 3_5_robot.cpython-310.pyc
[0.858s] byte-compiling /home/sid/RBE500/ros/install/rrr/lib/python3.10/site-packages/rrr/__init__.py to __init__.cpython-310.pyc
[0.858s] running install_data
[0.859s] creating /home/sid/RBE500/ros/install/rrr/share/ament_index
[0.859s] creating /home/sid/RBE500/ros/install/rrr/share/ament_index/resource_index
[0.860s] creating /home/sid/RBE500/ros/install/rrr/share/ament_index/resource_index/packages
[0.860s] error: can't copy 'resource/rrr': doesn't exist or not a regular file
[0.886s] Invoked command in '/home/sid/RBE500/ros/src/rrr' returned '1': PS1=(rbe-500) \[\e]0;\u@\h: \w\a\]${debian_chroot:+($debian_chroot)}\[\033[01;32m\]\u@\h\[\033[00m\]:\[\033[01;34m\]\w\[\033[00m\]\$ PYTHONPATH=/home/sid/RBE500/ros/install/rrr/lib/python3.10/site-packages:${PYTHONPATH} VIRTUAL_ENV_PROMPT=(rbe-500) /usr/bin/python3 setup.py egg_info --egg-base ../../build/rrr build --build-base /home/sid/RBE500/ros/build/rrr/build install --prefix /home/sid/RBE500/ros/install/rrr --record /home/sid/RBE500/ros/build/rrr/install.log --single-version-externally-managed
