[0.270s] DEBUG:colcon:Command line arguments: ['/usr/bin/colcon', 'build', '--packages-select', 'fw_kin']
[0.270s] DEBUG:colcon:Parsed command line arguments: Namespace(log_base=None, log_level=None, verb_name='build', build_base='build', install_base='install', merge_install=False, symlink_install=False, test_result_base=None, continue_on_error=False, executor='parallel', parallel_workers=4, event_handlers=None, ignore_user_meta=False, metas=['./colcon.meta'], base_paths=['.'], packages_ignore=None, packages_ignore_regex=None, paths=None, packages_up_to=None, packages_up_to_regex=None, packages_above=None, packages_above_and_dependencies=None, packages_above_depth=None, packages_select_by_dep=None, packages_skip_by_dep=None, packages_skip_up_to=None, packages_select_build_failed=False, packages_skip_build_finished=False, packages_select_test_failures=False, packages_skip_test_passed=False, packages_select=['fw_kin'], packages_skip=None, packages_select_regex=None, packages_skip_regex=None, packages_start=None, packages_end=None, allow_overriding=[], cmake_args=None, cmake_target=None, cmake_target_skip_unavailable=False, cmake_clean_cache=False, cmake_clean_first=False, cmake_force_configure=False, ament_cmake_args=None, catkin_cmake_args=None, catkin_skip_building_tests=False, verb_parser=<colcon_defaults.argument_parser.defaults.DefaultArgumentsDecorator object at 0x7f7a6bfc26e0>, verb_extension=<colcon_core.verb.build.BuildVerb object at 0x7f7a6c914d00>, main=<bound method BuildVerb.main of <colcon_core.verb.build.BuildVerb object at 0x7f7a6c914d00>>)
[0.290s] Level 1:colcon.colcon_core.package_discovery:discover_packages(colcon_meta) check parameters
[0.291s] Level 1:colcon.colcon_core.package_discovery:discover_packages(recursive) check parameters
[0.291s] Level 1:colcon.colcon_core.package_discovery:discover_packages(ignore) check parameters
[0.291s] Level 1:colcon.colcon_core.package_discovery:discover_packages(path) check parameters
[0.291s] Level 1:colcon.colcon_core.package_discovery:discover_packages(colcon_meta) discover
[0.291s] Level 1:colcon.colcon_core.package_discovery:discover_packages(recursive) discover
[0.291s] INFO:colcon.colcon_core.package_discovery:Crawling recursively for packages in '/home/sid/RBE500/ros/src/fw_kin'
[0.291s] Level 1:colcon.colcon_core.package_identification:_identify(.) by extensions ['ignore', 'ignore_ament_install']
[0.291s] Level 1:colcon.colcon_core.package_identification:_identify(.) by extension 'ignore'
[0.291s] Level 1:colcon.colcon_core.package_identification:_identify(.) by extension 'ignore_ament_install'
[0.291s] Level 1:colcon.colcon_core.package_identification:_identify(.) by extensions ['colcon_pkg']
[0.291s] Level 1:colcon.colcon_core.package_identification:_identify(.) by extension 'colcon_pkg'
[0.291s] Level 1:colcon.colcon_core.package_identification:_identify(.) by extensions ['colcon_meta']
[0.291s] Level 1:colcon.colcon_core.package_identification:_identify(.) by extension 'colcon_meta'
[0.291s] Level 1:colcon.colcon_core.package_identification:_identify(.) by extensions ['ros']
[0.291s] Level 1:colcon.colcon_core.package_identification:_identify(.) by extension 'ros'
[0.312s] DEBUG:colcon.colcon_core.package_identification:Package '.' with type 'ros.ament_python' and name 'fw_kin'
[0.312s] Level 1:colcon.colcon_core.package_discovery:discover_packages(recursive) using defaults
[0.312s] Level 1:colcon.colcon_core.package_discovery:discover_packages(ignore) discover
[0.312s] Level 1:colcon.colcon_core.package_discovery:discover_packages(ignore) using defaults
[0.312s] Level 1:colcon.colcon_core.package_discovery:discover_packages(path) discover
[0.313s] Level 1:colcon.colcon_core.package_discovery:discover_packages(path) using defaults
[0.343s] Level 1:colcon.colcon_core.package_discovery:discover_packages(prefix_path) check parameters
[0.343s] Level 1:colcon.colcon_core.package_discovery:discover_packages(prefix_path) discover
[0.347s] DEBUG:colcon.colcon_installed_package_information.package_discovery:Found 283 installed packages in /opt/ros/humble
[0.348s] Level 1:colcon.colcon_core.package_discovery:discover_packages(prefix_path) using defaults
[0.407s] Level 5:colcon.colcon_core.verb:set package 'fw_kin' build argument 'cmake_args' from command line to 'None'
[0.407s] Level 5:colcon.colcon_core.verb:set package 'fw_kin' build argument 'cmake_target' from command line to 'None'
[0.407s] Level 5:colcon.colcon_core.verb:set package 'fw_kin' build argument 'cmake_target_skip_unavailable' from command line to 'False'
[0.407s] Level 5:colcon.colcon_core.verb:set package 'fw_kin' build argument 'cmake_clean_cache' from command line to 'False'
[0.407s] Level 5:colcon.colcon_core.verb:set package 'fw_kin' build argument 'cmake_clean_first' from command line to 'False'
[0.407s] Level 5:colcon.colcon_core.verb:set package 'fw_kin' build argument 'cmake_force_configure' from command line to 'False'
[0.407s] Level 5:colcon.colcon_core.verb:set package 'fw_kin' build argument 'ament_cmake_args' from command line to 'None'
[0.407s] Level 5:colcon.colcon_core.verb:set package 'fw_kin' build argument 'catkin_cmake_args' from command line to 'None'
[0.407s] Level 5:colcon.colcon_core.verb:set package 'fw_kin' build argument 'catkin_skip_building_tests' from command line to 'False'
[0.407s] DEBUG:colcon.colcon_core.verb:Building package 'fw_kin' with the following arguments: {'ament_cmake_args': None, 'build_base': '/home/sid/RBE500/ros/src/fw_kin/build/fw_kin', 'catkin_cmake_args': None, 'catkin_skip_building_tests': False, 'cmake_args': None, 'cmake_clean_cache': False, 'cmake_clean_first': False, 'cmake_force_configure': False, 'cmake_target': None, 'cmake_target_skip_unavailable': False, 'install_base': '/home/sid/RBE500/ros/src/fw_kin/install/fw_kin', 'merge_install': False, 'path': '/home/sid/RBE500/ros/src/fw_kin', 'symlink_install': False, 'test_result_base': None}
[0.408s] INFO:colcon.colcon_core.executor:Executing jobs using 'parallel' executor
[0.411s] DEBUG:colcon.colcon_parallel_executor.executor.parallel:run_until_complete
[0.412s] INFO:colcon.colcon_ros.task.ament_python.build:Building ROS package in '/home/sid/RBE500/ros/src/fw_kin' with build type 'ament_python'
[0.412s] Level 1:colcon.colcon_core.shell:create_environment_hook('fw_kin', 'ament_prefix_path')
[0.417s] INFO:colcon.colcon_core.plugin_system:Skipping extension 'colcon_core.shell.bat': Not used on non-Windows systems
[0.418s] INFO:colcon.colcon_core.shell:Creating environment hook '/home/sid/RBE500/ros/src/fw_kin/install/fw_kin/share/fw_kin/hook/ament_prefix_path.ps1'
[0.418s] INFO:colcon.colcon_core.shell:Creating environment descriptor '/home/sid/RBE500/ros/src/fw_kin/install/fw_kin/share/fw_kin/hook/ament_prefix_path.dsv'
[0.419s] INFO:colcon.colcon_core.shell:Creating environment hook '/home/sid/RBE500/ros/src/fw_kin/install/fw_kin/share/fw_kin/hook/ament_prefix_path.sh'
[0.421s] INFO:colcon.colcon_core.shell:Skip shell extension 'powershell' for command environment: Not usable outside of PowerShell
[0.421s] DEBUG:colcon.colcon_core.shell:Skip shell extension 'dsv' for command environment
[0.662s] INFO:colcon.colcon_core.task.python.build:Building Python package in '/home/sid/RBE500/ros/src/fw_kin'
[0.663s] INFO:colcon.colcon_core.shell:Skip shell extension 'powershell' for command environment: Not usable outside of PowerShell
[0.663s] DEBUG:colcon.colcon_core.shell:Skip shell extension 'dsv' for command environment
[0.987s] DEBUG:colcon.colcon_core.event_handler.log_command:Invoking command in '/home/sid/RBE500/ros/src/fw_kin': PS1=(rbe-500) \[\e]0;\u@\h: \w\a\]${debian_chroot:+($debian_chroot)}\[\033[01;32m\]\u@\h\[\033[00m\]:\[\033[01;34m\]\w\[\033[00m\]\$ PYTHONPATH=/home/sid/RBE500/ros/src/fw_kin/install/fw_kin/lib/python3.10/site-packages:${PYTHONPATH} VIRTUAL_ENV_PROMPT=(rbe-500) /usr/bin/python3 setup.py egg_info --egg-base build/fw_kin build --build-base /home/sid/RBE500/ros/src/fw_kin/build/fw_kin/build install --prefix /home/sid/RBE500/ros/src/fw_kin/install/fw_kin --record /home/sid/RBE500/ros/src/fw_kin/build/fw_kin/install.log --single-version-externally-managed
[1.262s] DEBUG:colcon.colcon_core.event_handler.log_command:Invoked command in '/home/sid/RBE500/ros/src/fw_kin' returned '0': PS1=(rbe-500) \[\e]0;\u@\h: \w\a\]${debian_chroot:+($debian_chroot)}\[\033[01;32m\]\u@\h\[\033[00m\]:\[\033[01;34m\]\w\[\033[00m\]\$ PYTHONPATH=/home/sid/RBE500/ros/src/fw_kin/install/fw_kin/lib/python3.10/site-packages:${PYTHONPATH} VIRTUAL_ENV_PROMPT=(rbe-500) /usr/bin/python3 setup.py egg_info --egg-base build/fw_kin build --build-base /home/sid/RBE500/ros/src/fw_kin/build/fw_kin/build install --prefix /home/sid/RBE500/ros/src/fw_kin/install/fw_kin --record /home/sid/RBE500/ros/src/fw_kin/build/fw_kin/install.log --single-version-externally-managed
[1.270s] Level 1:colcon.colcon_core.environment:checking '/home/sid/RBE500/ros/src/fw_kin/install/fw_kin' for CMake module files
[1.270s] Level 1:colcon.colcon_core.environment:checking '/home/sid/RBE500/ros/src/fw_kin/install/fw_kin' for CMake config files
[1.271s] Level 1:colcon.colcon_core.environment:checking '/home/sid/RBE500/ros/src/fw_kin/install/fw_kin/lib'
[1.271s] Level 1:colcon.colcon_core.environment:checking '/home/sid/RBE500/ros/src/fw_kin/install/fw_kin/bin'
[1.271s] Level 1:colcon.colcon_core.environment:checking '/home/sid/RBE500/ros/src/fw_kin/install/fw_kin/lib/pkgconfig/fw_kin.pc'
[1.272s] Level 1:colcon.colcon_core.environment:checking '/home/sid/RBE500/ros/src/fw_kin/install/fw_kin/lib/python3.10/site-packages'
[1.272s] Level 1:colcon.colcon_core.shell:create_environment_hook('fw_kin', 'pythonpath')
[1.273s] INFO:colcon.colcon_core.shell:Creating environment hook '/home/sid/RBE500/ros/src/fw_kin/install/fw_kin/share/fw_kin/hook/pythonpath.ps1'
[1.273s] INFO:colcon.colcon_core.shell:Creating environment descriptor '/home/sid/RBE500/ros/src/fw_kin/install/fw_kin/share/fw_kin/hook/pythonpath.dsv'
[1.273s] INFO:colcon.colcon_core.shell:Creating environment hook '/home/sid/RBE500/ros/src/fw_kin/install/fw_kin/share/fw_kin/hook/pythonpath.sh'
[1.274s] Level 1:colcon.colcon_core.environment:checking '/home/sid/RBE500/ros/src/fw_kin/install/fw_kin/bin'
[1.274s] Level 1:colcon.colcon_core.environment:create_environment_scripts_only(fw_kin)
[1.275s] INFO:colcon.colcon_core.shell:Creating package script '/home/sid/RBE500/ros/src/fw_kin/install/fw_kin/share/fw_kin/package.ps1'
[1.276s] INFO:colcon.colcon_core.shell:Creating package descriptor '/home/sid/RBE500/ros/src/fw_kin/install/fw_kin/share/fw_kin/package.dsv'
[1.277s] INFO:colcon.colcon_core.shell:Creating package script '/home/sid/RBE500/ros/src/fw_kin/install/fw_kin/share/fw_kin/package.sh'
[1.277s] INFO:colcon.colcon_core.shell:Creating package script '/home/sid/RBE500/ros/src/fw_kin/install/fw_kin/share/fw_kin/package.bash'
[1.278s] INFO:colcon.colcon_core.shell:Creating package script '/home/sid/RBE500/ros/src/fw_kin/install/fw_kin/share/fw_kin/package.zsh'
[1.279s] Level 1:colcon.colcon_core.environment:create_file_with_runtime_dependencies(/home/sid/RBE500/ros/src/fw_kin/install/fw_kin/share/colcon-core/packages/fw_kin)
[1.279s] DEBUG:colcon.colcon_parallel_executor.executor.parallel:closing loop
[1.279s] DEBUG:colcon.colcon_parallel_executor.executor.parallel:loop closed
[1.279s] DEBUG:colcon.colcon_parallel_executor.executor.parallel:run_until_complete finished with '0'
[1.280s] DEBUG:colcon.colcon_core.event_reactor:joining thread
[1.287s] INFO:colcon.colcon_core.plugin_system:Skipping extension 'colcon_notification.desktop_notification.terminal_notifier': Not used on non-Darwin systems
[1.287s] INFO:colcon.colcon_core.plugin_system:Skipping extension 'colcon_notification.desktop_notification.win32': Not used on non-Windows systems
[1.287s] INFO:colcon.colcon_notification.desktop_notification:Sending desktop notification using 'notify2'
[1.317s] DEBUG:colcon.colcon_core.event_reactor:joined thread
[1.320s] INFO:colcon.colcon_core.shell:Creating prefix script '/home/sid/RBE500/ros/src/fw_kin/install/local_setup.ps1'
[1.321s] INFO:colcon.colcon_core.shell:Creating prefix util module '/home/sid/RBE500/ros/src/fw_kin/install/_local_setup_util_ps1.py'
[1.322s] INFO:colcon.colcon_core.shell:Creating prefix chain script '/home/sid/RBE500/ros/src/fw_kin/install/setup.ps1'
[1.323s] INFO:colcon.colcon_core.shell:Creating prefix script '/home/sid/RBE500/ros/src/fw_kin/install/local_setup.sh'
[1.324s] INFO:colcon.colcon_core.shell:Creating prefix util module '/home/sid/RBE500/ros/src/fw_kin/install/_local_setup_util_sh.py'
[1.325s] INFO:colcon.colcon_core.shell:Creating prefix chain script '/home/sid/RBE500/ros/src/fw_kin/install/setup.sh'
[1.326s] INFO:colcon.colcon_core.shell:Creating prefix script '/home/sid/RBE500/ros/src/fw_kin/install/local_setup.bash'
[1.327s] INFO:colcon.colcon_core.shell:Creating prefix chain script '/home/sid/RBE500/ros/src/fw_kin/install/setup.bash'
[1.329s] INFO:colcon.colcon_core.shell:Creating prefix script '/home/sid/RBE500/ros/src/fw_kin/install/local_setup.zsh'
[1.329s] INFO:colcon.colcon_core.shell:Creating prefix chain script '/home/sid/RBE500/ros/src/fw_kin/install/setup.zsh'
