[0.016s] Invoking command in '/home/sid/RBE500/final-project/src/build/rrbot_description': CMAKE_PREFIX_PATH=${CMAKE_PREFIX_PATH}:/opt/ros/humble PS1=(rbe-500) \[\e]0;\u@\h: \w\a\]${debian_chroot:+($debian_chroot)}\[\033[01;32m\]\u@\h\[\033[00m\]:\[\033[01;34m\]\w\[\033[00m\]\$ VIRTUAL_ENV_PROMPT=(rbe-500) /usr/bin/cmake /home/sid/RBE500/final-project/src/rrbot_simulation_files/rrbot_description -DCMAKE_INSTALL_PREFIX=/home/sid/RBE500/final-project/src/install/rrbot_description
[0.079s] -- The C compiler identification is GNU 11.3.0
[0.139s] -- The CXX compiler identification is GNU 11.3.0
[0.146s] -- Detecting C compiler ABI info
[0.212s] -- Detecting C compiler ABI info - done
[0.225s] -- Check for working C compiler: /usr/bin/cc - skipped
[0.225s] -- Detecting C compile features
[0.226s] -- Detecting C compile features - done
[0.230s] -- Detecting CXX compiler ABI info
[0.307s] -- Detecting CXX compiler ABI info - done
[0.316s] -- Check for working CXX compiler: /usr/bin/c++ - skipped
[0.316s] -- Detecting CXX compile features
[0.316s] -- Detecting CXX compile features - done
[0.319s] -- Found ament_cmake: 1.3.2 (/opt/ros/humble/share/ament_cmake/cmake)
[0.454s] -- Found Python3: /home/sid/python-environments/rbe-500/bin/python3.10 (found version "3.10.6") found components: Interpreter 
[0.607s] -- Configuring done
[0.610s] -- Generating done
[0.611s] -- Build files have been written to: /home/sid/RBE500/final-project/src/build/rrbot_description
[0.615s] Invoked command in '/home/sid/RBE500/final-project/src/build/rrbot_description' returned '0': CMAKE_PREFIX_PATH=${CMAKE_PREFIX_PATH}:/opt/ros/humble PS1=(rbe-500) \[\e]0;\u@\h: \w\a\]${debian_chroot:+($debian_chroot)}\[\033[01;32m\]\u@\h\[\033[00m\]:\[\033[01;34m\]\w\[\033[00m\]\$ VIRTUAL_ENV_PROMPT=(rbe-500) /usr/bin/cmake /home/sid/RBE500/final-project/src/rrbot_simulation_files/rrbot_description -DCMAKE_INSTALL_PREFIX=/home/sid/RBE500/final-project/src/install/rrbot_description
[0.617s] Invoking command in '/home/sid/RBE500/final-project/src/build/rrbot_description': CMAKE_PREFIX_PATH=${CMAKE_PREFIX_PATH}:/opt/ros/humble PS1=(rbe-500) \[\e]0;\u@\h: \w\a\]${debian_chroot:+($debian_chroot)}\[\033[01;32m\]\u@\h\[\033[00m\]:\[\033[01;34m\]\w\[\033[00m\]\$ VIRTUAL_ENV_PROMPT=(rbe-500) /usr/bin/cmake --build /home/sid/RBE500/final-project/src/build/rrbot_description -- -j4 -l4
[0.655s] Invoked command in '/home/sid/RBE500/final-project/src/build/rrbot_description' returned '0': CMAKE_PREFIX_PATH=${CMAKE_PREFIX_PATH}:/opt/ros/humble PS1=(rbe-500) \[\e]0;\u@\h: \w\a\]${debian_chroot:+($debian_chroot)}\[\033[01;32m\]\u@\h\[\033[00m\]:\[\033[01;34m\]\w\[\033[00m\]\$ VIRTUAL_ENV_PROMPT=(rbe-500) /usr/bin/cmake --build /home/sid/RBE500/final-project/src/build/rrbot_description -- -j4 -l4
[0.686s] Invoking command in '/home/sid/RBE500/final-project/src/build/rrbot_description': CMAKE_PREFIX_PATH=${CMAKE_PREFIX_PATH}:/opt/ros/humble PS1=(rbe-500) \[\e]0;\u@\h: \w\a\]${debian_chroot:+($debian_chroot)}\[\033[01;32m\]\u@\h\[\033[00m\]:\[\033[01;34m\]\w\[\033[00m\]\$ VIRTUAL_ENV_PROMPT=(rbe-500) /usr/bin/cmake --install /home/sid/RBE500/final-project/src/build/rrbot_description
[0.694s] -- Install configuration: ""
[0.695s] -- Installing: /home/sid/RBE500/final-project/src/install/rrbot_description/share/rrbot_description/config
[0.695s] -- Installing: /home/sid/RBE500/final-project/src/install/rrbot_description/share/rrbot_description/config/rrbot.rviz
[0.695s] -- Installing: /home/sid/RBE500/final-project/src/install/rrbot_description/share/rrbot_description/gazebo
[0.695s] -- Installing: /home/sid/RBE500/final-project/src/install/rrbot_description/share/rrbot_description/gazebo/rrbot.gazebo.xacro
[0.695s] -- Installing: /home/sid/RBE500/final-project/src/install/rrbot_description/share/rrbot_description/gazebo/rrbot.materials.xacro
[0.695s] -- Installing: /home/sid/RBE500/final-project/src/install/rrbot_description/share/rrbot_description/meshes
[0.696s] -- Installing: /home/sid/RBE500/final-project/src/install/rrbot_description/share/rrbot_description/meshes/hokuyo.dae
[0.696s] -- Installing: /home/sid/RBE500/final-project/src/install/rrbot_description/share/rrbot_description/launch
[0.696s] -- Installing: /home/sid/RBE500/final-project/src/install/rrbot_description/share/rrbot_description/launch/view_robot.launch.py
[0.696s] -- Installing: /home/sid/RBE500/final-project/src/install/rrbot_description/share/rrbot_description/ros2_control
[0.696s] -- Installing: /home/sid/RBE500/final-project/src/install/rrbot_description/share/rrbot_description/ros2_control/rrbot.ros2_control.xacro
[0.696s] -- Installing: /home/sid/RBE500/final-project/src/install/rrbot_description/share/rrbot_description/urdf
[0.696s] -- Installing: /home/sid/RBE500/final-project/src/install/rrbot_description/share/rrbot_description/urdf/rrbot.urdf.xacro
[0.697s] -- Installing: /home/sid/RBE500/final-project/src/install/rrbot_description/share/rrbot_description/urdf/rrbot_description.urdf.xacro
[0.697s] -- Installing: /home/sid/RBE500/final-project/src/install/rrbot_description/share/rrbot_description/environment/rrbot_description.dsv
[0.697s] -- Installing: /home/sid/RBE500/final-project/src/install/rrbot_description/share/ament_index/resource_index/package_run_dependencies/rrbot_description
[0.697s] -- Installing: /home/sid/RBE500/final-project/src/install/rrbot_description/share/ament_index/resource_index/parent_prefix_path/rrbot_description
[0.697s] -- Installing: /home/sid/RBE500/final-project/src/install/rrbot_description/share/rrbot_description/environment/ament_prefix_path.sh
[0.697s] -- Installing: /home/sid/RBE500/final-project/src/install/rrbot_description/share/rrbot_description/environment/ament_prefix_path.dsv
[0.698s] -- Installing: /home/sid/RBE500/final-project/src/install/rrbot_description/share/rrbot_description/environment/path.sh
[0.698s] -- Installing: /home/sid/RBE500/final-project/src/install/rrbot_description/share/rrbot_description/environment/path.dsv
[0.698s] -- Installing: /home/sid/RBE500/final-project/src/install/rrbot_description/share/rrbot_description/local_setup.bash
[0.698s] -- Installing: /home/sid/RBE500/final-project/src/install/rrbot_description/share/rrbot_description/local_setup.sh
[0.698s] -- Installing: /home/sid/RBE500/final-project/src/install/rrbot_description/share/rrbot_description/local_setup.zsh
[0.698s] -- Installing: /home/sid/RBE500/final-project/src/install/rrbot_description/share/rrbot_description/local_setup.dsv
[0.699s] -- Installing: /home/sid/RBE500/final-project/src/install/rrbot_description/share/rrbot_description/package.dsv
[0.699s] -- Installing: /home/sid/RBE500/final-project/src/install/rrbot_description/share/ament_index/resource_index/packages/rrbot_description
[0.699s] -- Installing: /home/sid/RBE500/final-project/src/install/rrbot_description/share/rrbot_description/cmake/rrbot_descriptionConfig.cmake
[0.699s] -- Installing: /home/sid/RBE500/final-project/src/install/rrbot_description/share/rrbot_description/cmake/rrbot_descriptionConfig-version.cmake
[0.699s] -- Installing: /home/sid/RBE500/final-project/src/install/rrbot_description/share/rrbot_description/package.xml
[0.702s] Invoked command in '/home/sid/RBE500/final-project/src/build/rrbot_description' returned '0': CMAKE_PREFIX_PATH=${CMAKE_PREFIX_PATH}:/opt/ros/humble PS1=(rbe-500) \[\e]0;\u@\h: \w\a\]${debian_chroot:+($debian_chroot)}\[\033[01;32m\]\u@\h\[\033[00m\]:\[\033[01;34m\]\w\[\033[00m\]\$ VIRTUAL_ENV_PROMPT=(rbe-500) /usr/bin/cmake --install /home/sid/RBE500/final-project/src/build/rrbot_description
