running egg_info
creating build/fw_kin/fw_kin.egg-info
writing build/fw_kin/fw_kin.egg-info/PKG-INFO
writing dependency_links to build/fw_kin/fw_kin.egg-info/dependency_links.txt
writing entry points to build/fw_kin/fw_kin.egg-info/entry_points.txt
writing requirements to build/fw_kin/fw_kin.egg-info/requires.txt
writing top-level names to build/fw_kin/fw_kin.egg-info/top_level.txt
writing manifest file 'build/fw_kin/fw_kin.egg-info/SOURCES.txt'
reading manifest file 'build/fw_kin/fw_kin.egg-info/SOURCES.txt'
writing manifest file 'build/fw_kin/fw_kin.egg-info/SOURCES.txt'
running build
running build_py
creating /home/sid/RBE500/ros/src/fw_kin/build/fw_kin/build
creating /home/sid/RBE500/ros/src/fw_kin/build/fw_kin/build/lib
creating /home/sid/RBE500/ros/src/fw_kin/build/fw_kin/build/lib/fw_kin
copying fw_kin/3_5_robot.py -> /home/sid/RBE500/ros/src/fw_kin/build/fw_kin/build/lib/fw_kin
copying fw_kin/__init__.py -> /home/sid/RBE500/ros/src/fw_kin/build/fw_kin/build/lib/fw_kin
running install
/usr/lib/python3/dist-packages/setuptools/command/install.py:34: SetuptoolsDeprecationWarning: setup.py install is deprecated. Use build and pip and other standards-based tools.
  warnings.warn(
running install_lib
creating /home/sid/RBE500/ros/src/fw_kin/install/fw_kin/lib/python3.10/site-packages/fw_kin
copying /home/sid/RBE500/ros/src/fw_kin/build/fw_kin/build/lib/fw_kin/3_5_robot.py -> /home/sid/RBE500/ros/src/fw_kin/install/fw_kin/lib/python3.10/site-packages/fw_kin
copying /home/sid/RBE500/ros/src/fw_kin/build/fw_kin/build/lib/fw_kin/__init__.py -> /home/sid/RBE500/ros/src/fw_kin/install/fw_kin/lib/python3.10/site-packages/fw_kin
byte-compiling /home/sid/RBE500/ros/src/fw_kin/install/fw_kin/lib/python3.10/site-packages/fw_kin/3_5_robot.py to 3_5_robot.cpython-310.pyc
byte-compiling /home/sid/RBE500/ros/src/fw_kin/install/fw_kin/lib/python3.10/site-packages/fw_kin/__init__.py to __init__.cpython-310.pyc
running install_data
creating /home/sid/RBE500/ros/src/fw_kin/install/fw_kin/share/ament_index
creating /home/sid/RBE500/ros/src/fw_kin/install/fw_kin/share/ament_index/resource_index
creating /home/sid/RBE500/ros/src/fw_kin/install/fw_kin/share/ament_index/resource_index/packages
copying resource/fw_kin -> /home/sid/RBE500/ros/src/fw_kin/install/fw_kin/share/ament_index/resource_index/packages
copying package.xml -> /home/sid/RBE500/ros/src/fw_kin/install/fw_kin/share/fw_kin
running install_egg_info
Copying build/fw_kin/fw_kin.egg-info to /home/sid/RBE500/ros/src/fw_kin/install/fw_kin/lib/python3.10/site-packages/fw_kin-0.0.0-py3.10.egg-info
running install_scripts
Installing man_3_5 script to /home/sid/RBE500/ros/src/fw_kin/install/fw_kin/lib/fw_kin
writing list of installed files to '/home/sid/RBE500/ros/src/fw_kin/build/fw_kin/install.log'
