[0.015s] Invoking command in '/home/sid/RBE500/final-project/src/build/scara_interfaces': CMAKE_PREFIX_PATH=${CMAKE_PREFIX_PATH}:/opt/ros/humble PS1=(rbe-500) \[\e]0;\u@\h: \w\a\]${debian_chroot:+($debian_chroot)}\[\033[01;32m\]\u@\h\[\033[00m\]:\[\033[01;34m\]\w\[\033[00m\]\$ VIRTUAL_ENV_PROMPT=(rbe-500) /usr/bin/cmake /home/sid/RBE500/final-project/src/scara_interfaces -DCMAKE_INSTALL_PREFIX=/home/sid/RBE500/final-project/src/install/scara_interfaces
[0.072s] -- The C compiler identification is GNU 11.3.0
[0.133s] -- The CXX compiler identification is GNU 11.3.0
[0.140s] -- Detecting C compiler ABI info
[0.204s] -- Detecting C compiler ABI info - done
[0.215s] -- Check for working C compiler: /usr/bin/cc - skipped
[0.216s] -- Detecting C compile features
[0.216s] -- Detecting C compile features - done
[0.221s] -- Detecting CXX compiler ABI info
[0.301s] -- Detecting CXX compiler ABI info - done
[0.309s] -- Check for working CXX compiler: /usr/bin/c++ - skipped
[0.310s] -- Detecting CXX compile features
[0.311s] -- Detecting CXX compile features - done
[0.313s] -- Found ament_cmake: 1.3.2 (/opt/ros/humble/share/ament_cmake/cmake)
[0.446s] -- Found Python3: /home/sid/python-environments/rbe-500/bin/python3.10 (found version "3.10.6") found components: Interpreter 
[0.530s] -- Found rosidl_default_generators: 1.2.0 (/opt/ros/humble/share/rosidl_default_generators/cmake)
[0.533s] -- Using all available rosidl_typesupport_c: rosidl_typesupport_fastrtps_c;rosidl_typesupport_introspection_c
[0.539s] -- Found rosidl_adapter: 3.1.3 (/opt/ros/humble/share/rosidl_adapter/cmake)
[0.580s] -- Using all available rosidl_typesupport_cpp: rosidl_typesupport_fastrtps_cpp;rosidl_typesupport_introspection_cpp
[0.887s] -- Found ament_cmake_ros: 0.10.0 (/opt/ros/humble/share/ament_cmake_ros/cmake)
[1.045s] -- Using all available rosidl_typesupport_c: rosidl_typesupport_fastrtps_c;rosidl_typesupport_introspection_c
[1.255s] -- Using all available rosidl_typesupport_cpp: rosidl_typesupport_fastrtps_cpp;rosidl_typesupport_introspection_cpp
[1.269s] -- Found PythonInterp: /home/sid/python-environments/rbe-500/bin/python3 (found suitable version "3.10.6", minimum required is "3.6") 
[1.271s] -- Found python_cmake_module: 0.10.0 (/opt/ros/humble/share/python_cmake_module/cmake)
[1.290s] -- Found PythonLibs: /usr/lib/x86_64-linux-gnu/libpython3.10.so (found suitable version "3.10.6", minimum required is "3.5") 
[1.290s] -- Using PYTHON_EXECUTABLE: /home/sid/python-environments/rbe-500/bin/python3
[1.290s] -- Using PYTHON_INCLUDE_DIRS: /usr/include/python3.10
[1.291s] -- Using PYTHON_LIBRARIES: /usr/lib/x86_64-linux-gnu/libpython3.10.so
[1.305s] -- Found PythonExtra: .so  
[1.338s] -- Found ament_lint_auto: 0.12.4 (/opt/ros/humble/share/ament_lint_auto/cmake)
[1.365s] -- Added test 'lint_cmake' to check CMake code style
[1.366s] -- Added test 'xmllint' to check XML markup files
[1.370s] -- Configuring done
[1.410s] -- Generating done
[1.413s] -- Build files have been written to: /home/sid/RBE500/final-project/src/build/scara_interfaces
[1.422s] Invoked command in '/home/sid/RBE500/final-project/src/build/scara_interfaces' returned '0': CMAKE_PREFIX_PATH=${CMAKE_PREFIX_PATH}:/opt/ros/humble PS1=(rbe-500) \[\e]0;\u@\h: \w\a\]${debian_chroot:+($debian_chroot)}\[\033[01;32m\]\u@\h\[\033[00m\]:\[\033[01;34m\]\w\[\033[00m\]\$ VIRTUAL_ENV_PROMPT=(rbe-500) /usr/bin/cmake /home/sid/RBE500/final-project/src/scara_interfaces -DCMAKE_INSTALL_PREFIX=/home/sid/RBE500/final-project/src/install/scara_interfaces
[1.424s] Invoking command in '/home/sid/RBE500/final-project/src/build/scara_interfaces': CMAKE_PREFIX_PATH=${CMAKE_PREFIX_PATH}:/opt/ros/humble PS1=(rbe-500) \[\e]0;\u@\h: \w\a\]${debian_chroot:+($debian_chroot)}\[\033[01;32m\]\u@\h\[\033[00m\]:\[\033[01;34m\]\w\[\033[00m\]\$ VIRTUAL_ENV_PROMPT=(rbe-500) /usr/bin/cmake --build /home/sid/RBE500/final-project/src/build/scara_interfaces -- -j4 -l4
[1.464s] [  3%] [34m[1mGenerating C code for ROS interfaces[0m
[1.478s] [  6%] [34m[1mGenerating C++ code for ROS interfaces[0m
[1.491s] [  6%] Built target ament_cmake_python_copy_scara_interfaces
[1.811s] running egg_info
[1.812s] creating scara_interfaces.egg-info
[1.813s] writing scara_interfaces.egg-info/PKG-INFO
[1.813s] writing dependency_links to scara_interfaces.egg-info/dependency_links.txt
[1.814s] writing top-level names to scara_interfaces.egg-info/top_level.txt
[1.814s] writing manifest file 'scara_interfaces.egg-info/SOURCES.txt'
[1.817s] reading manifest file 'scara_interfaces.egg-info/SOURCES.txt'
[1.818s] writing manifest file 'scara_interfaces.egg-info/SOURCES.txt'
[1.860s] [  6%] Built target ament_cmake_python_build_scara_interfaces_egg
[1.937s] [  6%] Built target scara_interfaces__cpp
[1.953s] [  9%] [34m[1mGenerating C++ type support dispatch for ROS interfaces[0m
[1.957s] [ 12%] [34m[1mGenerating C++ type support for eProsima Fast-RTPS[0m
[1.972s] [ 16%] [34m[1mGenerating C++ introspection for ROS interfaces[0m
[2.147s] [ 19%] [32mBuilding C object CMakeFiles/scara_interfaces__rosidl_generator_c.dir/rosidl_generator_c/scara_interfaces/srv/detail/inv_kin__functions.c.o[0m
[2.366s] [ 22%] [32mBuilding CXX object CMakeFiles/scara_interfaces__rosidl_typesupport_cpp.dir/rosidl_typesupport_cpp/scara_interfaces/srv/inv_kin__type_support.cpp.o[0m
[2.383s] [ 25%] [32m[1mLinking C shared library libscara_interfaces__rosidl_generator_c.so[0m
[2.476s] [ 25%] Built target scara_interfaces__rosidl_generator_c
[2.478s] [ 29%] [32mBuilding CXX object CMakeFiles/scara_interfaces__rosidl_typesupport_introspection_cpp.dir/rosidl_typesupport_introspection_cpp/scara_interfaces/srv/detail/inv_kin__type_support.cpp.o[0m
[2.489s] [ 32%] [32mBuilding CXX object CMakeFiles/scara_interfaces__rosidl_typesupport_fastrtps_cpp.dir/rosidl_typesupport_fastrtps_cpp/scara_interfaces/srv/detail/dds_fastrtps/inv_kin__type_support.cpp.o[0m
[2.522s] [ 35%] [34m[1mGenerating C type support for eProsima Fast-RTPS[0m
[2.901s] [ 38%] [32m[1mLinking CXX shared library libscara_interfaces__rosidl_typesupport_cpp.so[0m
[3.096s] [ 38%] Built target scara_interfaces__rosidl_typesupport_cpp
[3.150s] [ 41%] [34m[1mGenerating C introspection for ROS interfaces[0m
[3.209s] [ 45%] [32mBuilding CXX object CMakeFiles/scara_interfaces__rosidl_typesupport_fastrtps_c.dir/rosidl_typesupport_fastrtps_c/scara_interfaces/srv/detail/inv_kin__type_support_c.cpp.o[0m
[3.414s] [ 48%] [32m[1mLinking CXX shared library libscara_interfaces__rosidl_typesupport_fastrtps_cpp.so[0m
[3.495s] [ 51%] [32m[1mLinking CXX shared library libscara_interfaces__rosidl_typesupport_introspection_cpp.so[0m
[3.668s] [ 51%] Built target scara_interfaces__rosidl_typesupport_fastrtps_cpp
[3.674s] [ 51%] Built target scara_interfaces__rosidl_typesupport_introspection_cpp
[3.725s] [ 54%] [34m[1mGenerating C type support dispatch for ROS interfaces[0m
[3.807s] [ 58%] [32mBuilding C object CMakeFiles/scara_interfaces__rosidl_typesupport_introspection_c.dir/rosidl_typesupport_introspection_c/scara_interfaces/srv/detail/inv_kin__type_support.c.o[0m
[3.870s] [ 61%] [32m[1mLinking CXX shared library libscara_interfaces__rosidl_typesupport_fastrtps_c.so[0m
[3.903s] [ 64%] [32m[1mLinking C shared library libscara_interfaces__rosidl_typesupport_introspection_c.so[0m
[4.031s] [ 64%] Built target scara_interfaces__rosidl_typesupport_introspection_c
[4.047s] [ 64%] Built target scara_interfaces__rosidl_typesupport_fastrtps_c
[4.171s] [ 67%] [32mBuilding CXX object CMakeFiles/scara_interfaces__rosidl_typesupport_c.dir/rosidl_typesupport_c/scara_interfaces/srv/inv_kin__type_support.cpp.o[0m
[4.214s] [ 70%] [32m[1mLinking CXX shared library libscara_interfaces__rosidl_typesupport_c.so[0m
[4.275s] [ 70%] Built target scara_interfaces__rosidl_typesupport_c
[4.304s] [ 70%] Built target scara_interfaces
[4.334s] [ 74%] [34m[1mGenerating Python code for ROS interfaces[0m
[5.035s] [ 74%] Built target scara_interfaces__py
[5.064s] [ 77%] [32mBuilding C object CMakeFiles/scara_interfaces__rosidl_generator_py.dir/rosidl_generator_py/scara_interfaces/srv/_inv_kin_s.c.o[0m
[5.228s] [ 80%] [32m[1mLinking C shared library rosidl_generator_py/scara_interfaces/libscara_interfaces__rosidl_generator_py.so[0m
[5.287s] [ 80%] Built target scara_interfaces__rosidl_generator_py
[5.320s] [ 83%] [32mBuilding C object CMakeFiles/scara_interfaces__rosidl_typesupport_fastrtps_c__pyext.dir/rosidl_generator_py/scara_interfaces/_scara_interfaces_s.ep.rosidl_typesupport_fastrtps_c.c.o[0m
[5.328s] [ 87%] [32mBuilding C object CMakeFiles/scara_interfaces__rosidl_typesupport_introspection_c__pyext.dir/rosidl_generator_py/scara_interfaces/_scara_interfaces_s.ep.rosidl_typesupport_introspection_c.c.o[0m
[5.342s] [ 90%] [32mBuilding C object CMakeFiles/scara_interfaces__rosidl_typesupport_c__pyext.dir/rosidl_generator_py/scara_interfaces/_scara_interfaces_s.ep.rosidl_typesupport_c.c.o[0m
[5.516s] [ 93%] [32m[1mLinking C shared library rosidl_generator_py/scara_interfaces/scara_interfaces_s__rosidl_typesupport_introspection_c.cpython-310-x86_64-linux-gnu.so[0m
[5.545s] [ 96%] [32m[1mLinking C shared library rosidl_generator_py/scara_interfaces/scara_interfaces_s__rosidl_typesupport_fastrtps_c.cpython-310-x86_64-linux-gnu.so[0m
[5.601s] [100%] [32m[1mLinking C shared library rosidl_generator_py/scara_interfaces/scara_interfaces_s__rosidl_typesupport_c.cpython-310-x86_64-linux-gnu.so[0m
[5.602s] [100%] Built target scara_interfaces__rosidl_typesupport_introspection_c__pyext
[5.616s] [100%] Built target scara_interfaces__rosidl_typesupport_fastrtps_c__pyext
[5.660s] [100%] Built target scara_interfaces__rosidl_typesupport_c__pyext
[5.679s] Invoked command in '/home/sid/RBE500/final-project/src/build/scara_interfaces' returned '0': CMAKE_PREFIX_PATH=${CMAKE_PREFIX_PATH}:/opt/ros/humble PS1=(rbe-500) \[\e]0;\u@\h: \w\a\]${debian_chroot:+($debian_chroot)}\[\033[01;32m\]\u@\h\[\033[00m\]:\[\033[01;34m\]\w\[\033[00m\]\$ VIRTUAL_ENV_PROMPT=(rbe-500) /usr/bin/cmake --build /home/sid/RBE500/final-project/src/build/scara_interfaces -- -j4 -l4
[5.776s] Invoking command in '/home/sid/RBE500/final-project/src/build/scara_interfaces': CMAKE_PREFIX_PATH=${CMAKE_PREFIX_PATH}:/opt/ros/humble PS1=(rbe-500) \[\e]0;\u@\h: \w\a\]${debian_chroot:+($debian_chroot)}\[\033[01;32m\]\u@\h\[\033[00m\]:\[\033[01;34m\]\w\[\033[00m\]\$ VIRTUAL_ENV_PROMPT=(rbe-500) /usr/bin/cmake --install /home/sid/RBE500/final-project/src/build/scara_interfaces
[5.788s] -- Install configuration: ""
[5.788s] -- Installing: /home/sid/RBE500/final-project/src/install/scara_interfaces/share/ament_index/resource_index/rosidl_interfaces/scara_interfaces
[5.789s] -- Installing: /home/sid/RBE500/final-project/src/install/scara_interfaces/include/scara_interfaces/scara_interfaces
[5.789s] -- Installing: /home/sid/RBE500/final-project/src/install/scara_interfaces/include/scara_interfaces/scara_interfaces/srv
[5.790s] -- Installing: /home/sid/RBE500/final-project/src/install/scara_interfaces/include/scara_interfaces/scara_interfaces/srv/inv_kin.h
[5.790s] -- Installing: /home/sid/RBE500/final-project/src/install/scara_interfaces/include/scara_interfaces/scara_interfaces/srv/detail
[5.790s] -- Installing: /home/sid/RBE500/final-project/src/install/scara_interfaces/include/scara_interfaces/scara_interfaces/srv/detail/inv_kin__functions.h
[5.791s] -- Installing: /home/sid/RBE500/final-project/src/install/scara_interfaces/include/scara_interfaces/scara_interfaces/srv/detail/inv_kin__functions.c
[5.791s] -- Installing: /home/sid/RBE500/final-project/src/install/scara_interfaces/include/scara_interfaces/scara_interfaces/srv/detail/inv_kin__type_support.h
[5.791s] -- Installing: /home/sid/RBE500/final-project/src/install/scara_interfaces/include/scara_interfaces/scara_interfaces/srv/detail/inv_kin__struct.h
[5.792s] -- Installing: /home/sid/RBE500/final-project/src/install/scara_interfaces/include/scara_interfaces/scara_interfaces/msg
[5.792s] -- Installing: /home/sid/RBE500/final-project/src/install/scara_interfaces/include/scara_interfaces/scara_interfaces/msg/rosidl_generator_c__visibility_control.h
[5.793s] -- Installing: /home/sid/RBE500/final-project/src/install/scara_interfaces/share/scara_interfaces/environment/library_path.sh
[5.793s] -- Installing: /home/sid/RBE500/final-project/src/install/scara_interfaces/share/scara_interfaces/environment/library_path.dsv
[5.794s] -- Installing: /home/sid/RBE500/final-project/src/install/scara_interfaces/lib/libscara_interfaces__rosidl_generator_c.so
[5.794s] -- Set runtime path of "/home/sid/RBE500/final-project/src/install/scara_interfaces/lib/libscara_interfaces__rosidl_generator_c.so" to ""
[5.795s] -- Up-to-date: /home/sid/RBE500/final-project/src/install/scara_interfaces/include/scara_interfaces/scara_interfaces
[5.795s] -- Up-to-date: /home/sid/RBE500/final-project/src/install/scara_interfaces/include/scara_interfaces/scara_interfaces/srv
[5.795s] -- Up-to-date: /home/sid/RBE500/final-project/src/install/scara_interfaces/include/scara_interfaces/scara_interfaces/srv/detail
[5.795s] -- Installing: /home/sid/RBE500/final-project/src/install/scara_interfaces/include/scara_interfaces/scara_interfaces/srv/detail/inv_kin__rosidl_typesupport_fastrtps_c.h
[5.796s] -- Up-to-date: /home/sid/RBE500/final-project/src/install/scara_interfaces/include/scara_interfaces/scara_interfaces/msg
[5.796s] -- Installing: /home/sid/RBE500/final-project/src/install/scara_interfaces/include/scara_interfaces/scara_interfaces/msg/rosidl_typesupport_fastrtps_c__visibility_control.h
[5.796s] -- Installing: /home/sid/RBE500/final-project/src/install/scara_interfaces/lib/libscara_interfaces__rosidl_typesupport_fastrtps_c.so
[5.797s] -- Set runtime path of "/home/sid/RBE500/final-project/src/install/scara_interfaces/lib/libscara_interfaces__rosidl_typesupport_fastrtps_c.so" to ""
[5.797s] -- Up-to-date: /home/sid/RBE500/final-project/src/install/scara_interfaces/include/scara_interfaces/scara_interfaces
[5.797s] -- Up-to-date: /home/sid/RBE500/final-project/src/install/scara_interfaces/include/scara_interfaces/scara_interfaces/srv
[5.798s] -- Up-to-date: /home/sid/RBE500/final-project/src/install/scara_interfaces/include/scara_interfaces/scara_interfaces/srv/detail
[5.798s] -- Installing: /home/sid/RBE500/final-project/src/install/scara_interfaces/include/scara_interfaces/scara_interfaces/srv/detail/inv_kin__type_support.c
[5.798s] -- Installing: /home/sid/RBE500/final-project/src/install/scara_interfaces/include/scara_interfaces/scara_interfaces/srv/detail/inv_kin__rosidl_typesupport_introspection_c.h
[5.798s] -- Up-to-date: /home/sid/RBE500/final-project/src/install/scara_interfaces/include/scara_interfaces/scara_interfaces/msg
[5.799s] -- Installing: /home/sid/RBE500/final-project/src/install/scara_interfaces/include/scara_interfaces/scara_interfaces/msg/rosidl_typesupport_introspection_c__visibility_control.h
[5.799s] -- Installing: /home/sid/RBE500/final-project/src/install/scara_interfaces/lib/libscara_interfaces__rosidl_typesupport_introspection_c.so
[5.800s] -- Set runtime path of "/home/sid/RBE500/final-project/src/install/scara_interfaces/lib/libscara_interfaces__rosidl_typesupport_introspection_c.so" to ""
[5.800s] -- Installing: /home/sid/RBE500/final-project/src/install/scara_interfaces/lib/libscara_interfaces__rosidl_typesupport_c.so
[5.801s] -- Set runtime path of "/home/sid/RBE500/final-project/src/install/scara_interfaces/lib/libscara_interfaces__rosidl_typesupport_c.so" to ""
[5.801s] -- Up-to-date: /home/sid/RBE500/final-project/src/install/scara_interfaces/include/scara_interfaces/scara_interfaces
[5.801s] -- Up-to-date: /home/sid/RBE500/final-project/src/install/scara_interfaces/include/scara_interfaces/scara_interfaces/srv
[5.802s] -- Installing: /home/sid/RBE500/final-project/src/install/scara_interfaces/include/scara_interfaces/scara_interfaces/srv/inv_kin.hpp
[5.802s] -- Up-to-date: /home/sid/RBE500/final-project/src/install/scara_interfaces/include/scara_interfaces/scara_interfaces/srv/detail
[5.802s] -- Installing: /home/sid/RBE500/final-project/src/install/scara_interfaces/include/scara_interfaces/scara_interfaces/srv/detail/inv_kin__struct.hpp
[5.802s] -- Installing: /home/sid/RBE500/final-project/src/install/scara_interfaces/include/scara_interfaces/scara_interfaces/srv/detail/inv_kin__builder.hpp
[5.803s] -- Installing: /home/sid/RBE500/final-project/src/install/scara_interfaces/include/scara_interfaces/scara_interfaces/srv/detail/inv_kin__traits.hpp
[5.803s] -- Up-to-date: /home/sid/RBE500/final-project/src/install/scara_interfaces/include/scara_interfaces/scara_interfaces
[5.803s] -- Up-to-date: /home/sid/RBE500/final-project/src/install/scara_interfaces/include/scara_interfaces/scara_interfaces/srv
[5.803s] -- Up-to-date: /home/sid/RBE500/final-project/src/install/scara_interfaces/include/scara_interfaces/scara_interfaces/srv/detail
[5.804s] -- Installing: /home/sid/RBE500/final-project/src/install/scara_interfaces/include/scara_interfaces/scara_interfaces/srv/detail/inv_kin__rosidl_typesupport_fastrtps_cpp.hpp
[5.804s] -- Installing: /home/sid/RBE500/final-project/src/install/scara_interfaces/include/scara_interfaces/scara_interfaces/srv/detail/dds_fastrtps
[5.805s] -- Up-to-date: /home/sid/RBE500/final-project/src/install/scara_interfaces/include/scara_interfaces/scara_interfaces/msg
[5.805s] -- Installing: /home/sid/RBE500/final-project/src/install/scara_interfaces/include/scara_interfaces/scara_interfaces/msg/rosidl_typesupport_fastrtps_cpp__visibility_control.h
[5.805s] -- Installing: /home/sid/RBE500/final-project/src/install/scara_interfaces/lib/libscara_interfaces__rosidl_typesupport_fastrtps_cpp.so
[5.806s] -- Set runtime path of "/home/sid/RBE500/final-project/src/install/scara_interfaces/lib/libscara_interfaces__rosidl_typesupport_fastrtps_cpp.so" to ""
[5.806s] -- Up-to-date: /home/sid/RBE500/final-project/src/install/scara_interfaces/include/scara_interfaces/scara_interfaces
[5.807s] -- Up-to-date: /home/sid/RBE500/final-project/src/install/scara_interfaces/include/scara_interfaces/scara_interfaces/srv
[5.807s] -- Up-to-date: /home/sid/RBE500/final-project/src/install/scara_interfaces/include/scara_interfaces/scara_interfaces/srv/detail
[5.807s] -- Installing: /home/sid/RBE500/final-project/src/install/scara_interfaces/include/scara_interfaces/scara_interfaces/srv/detail/inv_kin__type_support.cpp
[5.808s] -- Installing: /home/sid/RBE500/final-project/src/install/scara_interfaces/include/scara_interfaces/scara_interfaces/srv/detail/inv_kin__rosidl_typesupport_introspection_cpp.hpp
[5.808s] -- Installing: /home/sid/RBE500/final-project/src/install/scara_interfaces/lib/libscara_interfaces__rosidl_typesupport_introspection_cpp.so
[5.809s] -- Set runtime path of "/home/sid/RBE500/final-project/src/install/scara_interfaces/lib/libscara_interfaces__rosidl_typesupport_introspection_cpp.so" to ""
[5.809s] -- Installing: /home/sid/RBE500/final-project/src/install/scara_interfaces/lib/libscara_interfaces__rosidl_typesupport_cpp.so
[5.810s] -- Set runtime path of "/home/sid/RBE500/final-project/src/install/scara_interfaces/lib/libscara_interfaces__rosidl_typesupport_cpp.so" to ""
[5.810s] -- Installing: /home/sid/RBE500/final-project/src/install/scara_interfaces/share/scara_interfaces/environment/pythonpath.sh
[5.810s] -- Installing: /home/sid/RBE500/final-project/src/install/scara_interfaces/share/scara_interfaces/environment/pythonpath.dsv
[5.811s] -- Installing: /home/sid/RBE500/final-project/src/install/scara_interfaces/lib/python3.10/site-packages/scara_interfaces-0.0.0-py3.10.egg-info
[5.811s] -- Installing: /home/sid/RBE500/final-project/src/install/scara_interfaces/lib/python3.10/site-packages/scara_interfaces-0.0.0-py3.10.egg-info/PKG-INFO
[5.811s] -- Installing: /home/sid/RBE500/final-project/src/install/scara_interfaces/lib/python3.10/site-packages/scara_interfaces-0.0.0-py3.10.egg-info/top_level.txt
[5.812s] -- Installing: /home/sid/RBE500/final-project/src/install/scara_interfaces/lib/python3.10/site-packages/scara_interfaces-0.0.0-py3.10.egg-info/SOURCES.txt
[5.812s] -- Installing: /home/sid/RBE500/final-project/src/install/scara_interfaces/lib/python3.10/site-packages/scara_interfaces-0.0.0-py3.10.egg-info/dependency_links.txt
[5.812s] -- Installing: /home/sid/RBE500/final-project/src/install/scara_interfaces/lib/python3.10/site-packages/scara_interfaces
[5.813s] -- Installing: /home/sid/RBE500/final-project/src/install/scara_interfaces/lib/python3.10/site-packages/scara_interfaces/srv
[5.813s] -- Installing: /home/sid/RBE500/final-project/src/install/scara_interfaces/lib/python3.10/site-packages/scara_interfaces/srv/__init__.py
[5.813s] -- Installing: /home/sid/RBE500/final-project/src/install/scara_interfaces/lib/python3.10/site-packages/scara_interfaces/srv/_inv_kin.py
[5.814s] -- Installing: /home/sid/RBE500/final-project/src/install/scara_interfaces/lib/python3.10/site-packages/scara_interfaces/srv/_inv_kin_s.c
[5.814s] -- Installing: /home/sid/RBE500/final-project/src/install/scara_interfaces/lib/python3.10/site-packages/scara_interfaces/scara_interfaces_s__rosidl_typesupport_c.cpython-310-x86_64-linux-gnu.so
[5.814s] -- Installing: /home/sid/RBE500/final-project/src/install/scara_interfaces/lib/python3.10/site-packages/scara_interfaces/scara_interfaces_s__rosidl_typesupport_fastrtps_c.cpython-310-x86_64-linux-gnu.so
[5.815s] -- Installing: /home/sid/RBE500/final-project/src/install/scara_interfaces/lib/python3.10/site-packages/scara_interfaces/__init__.py
[5.815s] -- Installing: /home/sid/RBE500/final-project/src/install/scara_interfaces/lib/python3.10/site-packages/scara_interfaces/libscara_interfaces__rosidl_generator_py.so
[5.815s] -- Installing: /home/sid/RBE500/final-project/src/install/scara_interfaces/lib/python3.10/site-packages/scara_interfaces/_scara_interfaces_s.ep.rosidl_typesupport_fastrtps_c.c
[5.816s] -- Installing: /home/sid/RBE500/final-project/src/install/scara_interfaces/lib/python3.10/site-packages/scara_interfaces/scara_interfaces_s__rosidl_typesupport_introspection_c.cpython-310-x86_64-linux-gnu.so
[5.816s] -- Installing: /home/sid/RBE500/final-project/src/install/scara_interfaces/lib/python3.10/site-packages/scara_interfaces/_scara_interfaces_s.ep.rosidl_typesupport_c.c
[5.817s] -- Installing: /home/sid/RBE500/final-project/src/install/scara_interfaces/lib/python3.10/site-packages/scara_interfaces/_scara_interfaces_s.ep.rosidl_typesupport_introspection_c.c
[5.875s] Listing '/home/sid/RBE500/final-project/src/install/scara_interfaces/lib/python3.10/site-packages/scara_interfaces'...
[5.875s] Compiling '/home/sid/RBE500/final-project/src/install/scara_interfaces/lib/python3.10/site-packages/scara_interfaces/__init__.py'...
[5.875s] Listing '/home/sid/RBE500/final-project/src/install/scara_interfaces/lib/python3.10/site-packages/scara_interfaces/srv'...
[5.875s] Compiling '/home/sid/RBE500/final-project/src/install/scara_interfaces/lib/python3.10/site-packages/scara_interfaces/srv/__init__.py'...
[5.875s] Compiling '/home/sid/RBE500/final-project/src/install/scara_interfaces/lib/python3.10/site-packages/scara_interfaces/srv/_inv_kin.py'...
[5.883s] -- Installing: /home/sid/RBE500/final-project/src/install/scara_interfaces/lib/python3.10/site-packages/scara_interfaces/scara_interfaces_s__rosidl_typesupport_fastrtps_c.cpython-310-x86_64-linux-gnu.so
[5.884s] -- Set runtime path of "/home/sid/RBE500/final-project/src/install/scara_interfaces/lib/python3.10/site-packages/scara_interfaces/scara_interfaces_s__rosidl_typesupport_fastrtps_c.cpython-310-x86_64-linux-gnu.so" to ""
[5.884s] -- Installing: /home/sid/RBE500/final-project/src/install/scara_interfaces/lib/python3.10/site-packages/scara_interfaces/scara_interfaces_s__rosidl_typesupport_introspection_c.cpython-310-x86_64-linux-gnu.so
[5.885s] -- Set runtime path of "/home/sid/RBE500/final-project/src/install/scara_interfaces/lib/python3.10/site-packages/scara_interfaces/scara_interfaces_s__rosidl_typesupport_introspection_c.cpython-310-x86_64-linux-gnu.so" to ""
[5.885s] -- Installing: /home/sid/RBE500/final-project/src/install/scara_interfaces/lib/python3.10/site-packages/scara_interfaces/scara_interfaces_s__rosidl_typesupport_c.cpython-310-x86_64-linux-gnu.so
[5.886s] -- Set runtime path of "/home/sid/RBE500/final-project/src/install/scara_interfaces/lib/python3.10/site-packages/scara_interfaces/scara_interfaces_s__rosidl_typesupport_c.cpython-310-x86_64-linux-gnu.so" to ""
[5.886s] -- Installing: /home/sid/RBE500/final-project/src/install/scara_interfaces/lib/libscara_interfaces__rosidl_generator_py.so
[5.886s] -- Set runtime path of "/home/sid/RBE500/final-project/src/install/scara_interfaces/lib/libscara_interfaces__rosidl_generator_py.so" to ""
[5.886s] -- Installing: /home/sid/RBE500/final-project/src/install/scara_interfaces/share/scara_interfaces/srv/InvKin.idl
[5.887s] -- Installing: /home/sid/RBE500/final-project/src/install/scara_interfaces/share/scara_interfaces/srv/InvKin.srv
[5.887s] -- Installing: /home/sid/RBE500/final-project/src/install/scara_interfaces/share/scara_interfaces/srv/InvKin_Request.msg
[5.887s] -- Installing: /home/sid/RBE500/final-project/src/install/scara_interfaces/share/scara_interfaces/srv/InvKin_Response.msg
[5.887s] -- Installing: /home/sid/RBE500/final-project/src/install/scara_interfaces/share/ament_index/resource_index/package_run_dependencies/scara_interfaces
[5.887s] -- Installing: /home/sid/RBE500/final-project/src/install/scara_interfaces/share/ament_index/resource_index/parent_prefix_path/scara_interfaces
[5.888s] -- Installing: /home/sid/RBE500/final-project/src/install/scara_interfaces/share/scara_interfaces/environment/ament_prefix_path.sh
[5.888s] -- Installing: /home/sid/RBE500/final-project/src/install/scara_interfaces/share/scara_interfaces/environment/ament_prefix_path.dsv
[5.888s] -- Installing: /home/sid/RBE500/final-project/src/install/scara_interfaces/share/scara_interfaces/environment/path.sh
[5.888s] -- Installing: /home/sid/RBE500/final-project/src/install/scara_interfaces/share/scara_interfaces/environment/path.dsv
[5.888s] -- Installing: /home/sid/RBE500/final-project/src/install/scara_interfaces/share/scara_interfaces/local_setup.bash
[5.891s] -- Installing: /home/sid/RBE500/final-project/src/install/scara_interfaces/share/scara_interfaces/local_setup.sh
[5.891s] -- Installing: /home/sid/RBE500/final-project/src/install/scara_interfaces/share/scara_interfaces/local_setup.zsh
[5.891s] -- Installing: /home/sid/RBE500/final-project/src/install/scara_interfaces/share/scara_interfaces/local_setup.dsv
[5.891s] -- Installing: /home/sid/RBE500/final-project/src/install/scara_interfaces/share/scara_interfaces/package.dsv
[5.891s] -- Installing: /home/sid/RBE500/final-project/src/install/scara_interfaces/share/ament_index/resource_index/packages/scara_interfaces
[5.892s] -- Installing: /home/sid/RBE500/final-project/src/install/scara_interfaces/share/scara_interfaces/cmake/export_scara_interfaces__rosidl_generator_cExport.cmake
[5.892s] -- Installing: /home/sid/RBE500/final-project/src/install/scara_interfaces/share/scara_interfaces/cmake/export_scara_interfaces__rosidl_generator_cExport-noconfig.cmake
[5.892s] -- Installing: /home/sid/RBE500/final-project/src/install/scara_interfaces/share/scara_interfaces/cmake/export_scara_interfaces__rosidl_typesupport_fastrtps_cExport.cmake
[5.892s] -- Installing: /home/sid/RBE500/final-project/src/install/scara_interfaces/share/scara_interfaces/cmake/export_scara_interfaces__rosidl_typesupport_fastrtps_cExport-noconfig.cmake
[5.892s] -- Installing: /home/sid/RBE500/final-project/src/install/scara_interfaces/share/scara_interfaces/cmake/scara_interfaces__rosidl_typesupport_introspection_cExport.cmake
[5.892s] -- Installing: /home/sid/RBE500/final-project/src/install/scara_interfaces/share/scara_interfaces/cmake/scara_interfaces__rosidl_typesupport_introspection_cExport-noconfig.cmake
[5.892s] -- Installing: /home/sid/RBE500/final-project/src/install/scara_interfaces/share/scara_interfaces/cmake/scara_interfaces__rosidl_typesupport_cExport.cmake
[5.892s] -- Installing: /home/sid/RBE500/final-project/src/install/scara_interfaces/share/scara_interfaces/cmake/scara_interfaces__rosidl_typesupport_cExport-noconfig.cmake
[5.892s] -- Installing: /home/sid/RBE500/final-project/src/install/scara_interfaces/share/scara_interfaces/cmake/export_scara_interfaces__rosidl_generator_cppExport.cmake
[5.893s] -- Installing: /home/sid/RBE500/final-project/src/install/scara_interfaces/share/scara_interfaces/cmake/export_scara_interfaces__rosidl_typesupport_fastrtps_cppExport.cmake
[5.893s] -- Installing: /home/sid/RBE500/final-project/src/install/scara_interfaces/share/scara_interfaces/cmake/export_scara_interfaces__rosidl_typesupport_fastrtps_cppExport-noconfig.cmake
[5.893s] -- Installing: /home/sid/RBE500/final-project/src/install/scara_interfaces/share/scara_interfaces/cmake/scara_interfaces__rosidl_typesupport_introspection_cppExport.cmake
[5.893s] -- Installing: /home/sid/RBE500/final-project/src/install/scara_interfaces/share/scara_interfaces/cmake/scara_interfaces__rosidl_typesupport_introspection_cppExport-noconfig.cmake
[5.893s] -- Installing: /home/sid/RBE500/final-project/src/install/scara_interfaces/share/scara_interfaces/cmake/scara_interfaces__rosidl_typesupport_cppExport.cmake
[5.893s] -- Installing: /home/sid/RBE500/final-project/src/install/scara_interfaces/share/scara_interfaces/cmake/scara_interfaces__rosidl_typesupport_cppExport-noconfig.cmake
[5.893s] -- Installing: /home/sid/RBE500/final-project/src/install/scara_interfaces/share/scara_interfaces/cmake/export_scara_interfaces__rosidl_generator_pyExport.cmake
[5.893s] -- Installing: /home/sid/RBE500/final-project/src/install/scara_interfaces/share/scara_interfaces/cmake/export_scara_interfaces__rosidl_generator_pyExport-noconfig.cmake
[5.893s] -- Installing: /home/sid/RBE500/final-project/src/install/scara_interfaces/share/scara_interfaces/cmake/rosidl_cmake-extras.cmake
[5.894s] -- Installing: /home/sid/RBE500/final-project/src/install/scara_interfaces/share/scara_interfaces/cmake/ament_cmake_export_include_directories-extras.cmake
[5.894s] -- Installing: /home/sid/RBE500/final-project/src/install/scara_interfaces/share/scara_interfaces/cmake/ament_cmake_export_libraries-extras.cmake
[5.894s] -- Installing: /home/sid/RBE500/final-project/src/install/scara_interfaces/share/scara_interfaces/cmake/ament_cmake_export_targets-extras.cmake
[5.894s] -- Installing: /home/sid/RBE500/final-project/src/install/scara_interfaces/share/scara_interfaces/cmake/rosidl_cmake_export_typesupport_targets-extras.cmake
[5.894s] -- Installing: /home/sid/RBE500/final-project/src/install/scara_interfaces/share/scara_interfaces/cmake/ament_cmake_export_dependencies-extras.cmake
[5.894s] -- Installing: /home/sid/RBE500/final-project/src/install/scara_interfaces/share/scara_interfaces/cmake/rosidl_cmake_export_typesupport_libraries-extras.cmake
[5.894s] -- Installing: /home/sid/RBE500/final-project/src/install/scara_interfaces/share/scara_interfaces/cmake/scara_interfacesConfig.cmake
[5.894s] -- Installing: /home/sid/RBE500/final-project/src/install/scara_interfaces/share/scara_interfaces/cmake/scara_interfacesConfig-version.cmake
[5.895s] -- Installing: /home/sid/RBE500/final-project/src/install/scara_interfaces/share/scara_interfaces/package.xml
[5.902s] Invoked command in '/home/sid/RBE500/final-project/src/build/scara_interfaces' returned '0': CMAKE_PREFIX_PATH=${CMAKE_PREFIX_PATH}:/opt/ros/humble PS1=(rbe-500) \[\e]0;\u@\h: \w\a\]${debian_chroot:+($debian_chroot)}\[\033[01;32m\]\u@\h\[\033[00m\]:\[\033[01;34m\]\w\[\033[00m\]\$ VIRTUAL_ENV_PROMPT=(rbe-500) /usr/bin/cmake --install /home/sid/RBE500/final-project/src/build/scara_interfaces
