[0.528s] Invoking command in '/home/sid/RBE500/ros/src/py_intpubsub': PS1=\[\e]0;\u@\h: \w\a\]${debian_chroot:+($debian_chroot)}\[\033[01;32m\]\u@\h\[\033[00m\]:\[\033[01;34m\]\w\[\033[00m\]\$ PYTHONPATH=/home/sid/RBE500/ros/install/py_intpubsub/lib/python3.10/site-packages:${PYTHONPATH} /usr/bin/python3 setup.py egg_info --egg-base ../../build/py_intpubsub build --build-base /home/sid/RBE500/ros/build/py_intpubsub/build install --prefix /home/sid/RBE500/ros/install/py_intpubsub --record /home/sid/RBE500/ros/build/py_intpubsub/install.log --single-version-externally-managed
[0.733s] running egg_info
[0.734s] writing ../../build/py_intpubsub/py_intpubsub.egg-info/PKG-INFO
[0.734s] writing dependency_links to ../../build/py_intpubsub/py_intpubsub.egg-info/dependency_links.txt
[0.734s] writing entry points to ../../build/py_intpubsub/py_intpubsub.egg-info/entry_points.txt
[0.734s] writing requirements to ../../build/py_intpubsub/py_intpubsub.egg-info/requires.txt
[0.735s] writing top-level names to ../../build/py_intpubsub/py_intpubsub.egg-info/top_level.txt
[0.737s] reading manifest file '../../build/py_intpubsub/py_intpubsub.egg-info/SOURCES.txt'
[0.737s] writing manifest file '../../build/py_intpubsub/py_intpubsub.egg-info/SOURCES.txt'
[0.738s] running build
[0.738s] running build_py
[0.738s] running install
[0.738s] /usr/lib/python3/dist-packages/setuptools/command/install.py:34: SetuptoolsDeprecationWarning: setup.py install is deprecated. Use build and pip and other standards-based tools.
[0.738s]   warnings.warn(
[0.738s] running install_lib
[0.740s] running install_data
[0.740s] copying package.xml -> /home/sid/RBE500/ros/install/py_intpubsub/share/py_intpubsub
[0.740s] running install_egg_info
[0.742s] removing '/home/sid/RBE500/ros/install/py_intpubsub/lib/python3.10/site-packages/py_intpubsub-0.0.0-py3.10.egg-info' (and everything under it)
[0.743s] Copying ../../build/py_intpubsub/py_intpubsub.egg-info to /home/sid/RBE500/ros/install/py_intpubsub/lib/python3.10/site-packages/py_intpubsub-0.0.0-py3.10.egg-info
[0.744s] running install_scripts
[0.763s] Installing listener script to /home/sid/RBE500/ros/install/py_intpubsub/lib/py_intpubsub
[0.763s] Installing talker script to /home/sid/RBE500/ros/install/py_intpubsub/lib/py_intpubsub
[0.763s] writing list of installed files to '/home/sid/RBE500/ros/build/py_intpubsub/install.log'
[0.788s] Invoked command in '/home/sid/RBE500/ros/src/py_intpubsub' returned '0': PS1=\[\e]0;\u@\h: \w\a\]${debian_chroot:+($debian_chroot)}\[\033[01;32m\]\u@\h\[\033[00m\]:\[\033[01;34m\]\w\[\033[00m\]\$ PYTHONPATH=/home/sid/RBE500/ros/install/py_intpubsub/lib/python3.10/site-packages:${PYTHONPATH} /usr/bin/python3 setup.py egg_info --egg-base ../../build/py_intpubsub build --build-base /home/sid/RBE500/ros/build/py_intpubsub/build install --prefix /home/sid/RBE500/ros/install/py_intpubsub --record /home/sid/RBE500/ros/build/py_intpubsub/install.log --single-version-externally-managed
