[0.574s] Invoking command in '/home/sid/RBE500/ros/src/fw_kin': PS1=(rbe-500) \[\e]0;\u@\h: \w\a\]${debian_chroot:+($debian_chroot)}\[\033[01;32m\]\u@\h\[\033[00m\]:\[\033[01;34m\]\w\[\033[00m\]\$ PYTHONPATH=/home/sid/RBE500/ros/install/fw_kin/lib/python3.10/site-packages:${PYTHONPATH} VIRTUAL_ENV_PROMPT=(rbe-500) /usr/bin/python3 setup.py egg_info --egg-base ../../build/fw_kin build --build-base /home/sid/RBE500/ros/build/fw_kin/build install --prefix /home/sid/RBE500/ros/install/fw_kin --record /home/sid/RBE500/ros/build/fw_kin/install.log --single-version-externally-managed
[0.800s] running egg_info
[0.801s] writing ../../build/fw_kin/fw_kin.egg-info/PKG-INFO
[0.801s] writing dependency_links to ../../build/fw_kin/fw_kin.egg-info/dependency_links.txt
[0.801s] writing entry points to ../../build/fw_kin/fw_kin.egg-info/entry_points.txt
[0.801s] writing requirements to ../../build/fw_kin/fw_kin.egg-info/requires.txt
[0.802s] writing top-level names to ../../build/fw_kin/fw_kin.egg-info/top_level.txt
[0.804s] reading manifest file '../../build/fw_kin/fw_kin.egg-info/SOURCES.txt'
[0.805s] writing manifest file '../../build/fw_kin/fw_kin.egg-info/SOURCES.txt'
[0.805s] running build
[0.805s] running build_py
[0.806s] running install
[0.806s] /usr/lib/python3/dist-packages/setuptools/command/install.py:34: SetuptoolsDeprecationWarning: setup.py install is deprecated. Use build and pip and other standards-based tools.
[0.806s]   warnings.warn(
[0.806s] running install_lib
[0.807s] running install_data
[0.808s] running install_egg_info
[0.810s] removing '/home/sid/RBE500/ros/install/fw_kin/lib/python3.10/site-packages/fw_kin-0.0.0-py3.10.egg-info' (and everything under it)
[0.810s] Copying ../../build/fw_kin/fw_kin.egg-info to /home/sid/RBE500/ros/install/fw_kin/lib/python3.10/site-packages/fw_kin-0.0.0-py3.10.egg-info
[0.811s] running install_scripts
[0.833s] Installing man_3_5 script to /home/sid/RBE500/ros/install/fw_kin/lib/fw_kin
[0.833s] writing list of installed files to '/home/sid/RBE500/ros/build/fw_kin/install.log'
[0.863s] Invoked command in '/home/sid/RBE500/ros/src/fw_kin' returned '0': PS1=(rbe-500) \[\e]0;\u@\h: \w\a\]${debian_chroot:+($debian_chroot)}\[\033[01;32m\]\u@\h\[\033[00m\]:\[\033[01;34m\]\w\[\033[00m\]\$ PYTHONPATH=/home/sid/RBE500/ros/install/fw_kin/lib/python3.10/site-packages:${PYTHONPATH} VIRTUAL_ENV_PROMPT=(rbe-500) /usr/bin/python3 setup.py egg_info --egg-base ../../build/fw_kin build --build-base /home/sid/RBE500/ros/build/fw_kin/build install --prefix /home/sid/RBE500/ros/install/fw_kin --record /home/sid/RBE500/ros/build/fw_kin/install.log --single-version-externally-managed
