running egg_info
creating ../../build/py_intpubsub/py_intpubsub.egg-info
writing ../../build/py_intpubsub/py_intpubsub.egg-info/PKG-INFO
writing dependency_links to ../../build/py_intpubsub/py_intpubsub.egg-info/dependency_links.txt
writing entry points to ../../build/py_intpubsub/py_intpubsub.egg-info/entry_points.txt
writing requirements to ../../build/py_intpubsub/py_intpubsub.egg-info/requires.txt
writing top-level names to ../../build/py_intpubsub/py_intpubsub.egg-info/top_level.txt
writing manifest file '../../build/py_intpubsub/py_intpubsub.egg-info/SOURCES.txt'
reading manifest file '../../build/py_intpubsub/py_intpubsub.egg-info/SOURCES.txt'
writing manifest file '../../build/py_intpubsub/py_intpubsub.egg-info/SOURCES.txt'
running build
running build_py
creating /home/sid/RBE500/ros/build/py_intpubsub/build
creating /home/sid/RBE500/ros/build/py_intpubsub/build/lib
creating /home/sid/RBE500/ros/build/py_intpubsub/build/lib/py_intpubsub
copying py_intpubsub/int_publisher.py -> /home/sid/RBE500/ros/build/py_intpubsub/build/lib/py_intpubsub
copying py_intpubsub/__init__.py -> /home/sid/RBE500/ros/build/py_intpubsub/build/lib/py_intpubsub
copying py_intpubsub/int_subscriber.py -> /home/sid/RBE500/ros/build/py_intpubsub/build/lib/py_intpubsub
running install
running install_lib
creating /home/sid/RBE500/ros/install/py_intpubsub/lib/python3.10/site-packages/py_intpubsub
copying /home/sid/RBE500/ros/build/py_intpubsub/build/lib/py_intpubsub/int_publisher.py -> /home/sid/RBE500/ros/install/py_intpubsub/lib/python3.10/site-packages/py_intpubsub
copying /home/sid/RBE500/ros/build/py_intpubsub/build/lib/py_intpubsub/__init__.py -> /home/sid/RBE500/ros/install/py_intpubsub/lib/python3.10/site-packages/py_intpubsub
copying /home/sid/RBE500/ros/build/py_intpubsub/build/lib/py_intpubsub/int_subscriber.py -> /home/sid/RBE500/ros/install/py_intpubsub/lib/python3.10/site-packages/py_intpubsub
byte-compiling /home/sid/RBE500/ros/install/py_intpubsub/lib/python3.10/site-packages/py_intpubsub/int_publisher.py to int_publisher.cpython-310.pyc
byte-compiling /home/sid/RBE500/ros/install/py_intpubsub/lib/python3.10/site-packages/py_intpubsub/__init__.py to __init__.cpython-310.pyc
byte-compiling /home/sid/RBE500/ros/install/py_intpubsub/lib/python3.10/site-packages/py_intpubsub/int_subscriber.py to int_subscriber.cpython-310.pyc
running install_data
creating /home/sid/RBE500/ros/install/py_intpubsub/share/ament_index
creating /home/sid/RBE500/ros/install/py_intpubsub/share/ament_index/resource_index
creating /home/sid/RBE500/ros/install/py_intpubsub/share/ament_index/resource_index/packages
copying resource/py_intpubsub -> /home/sid/RBE500/ros/install/py_intpubsub/share/ament_index/resource_index/packages
copying package.xml -> /home/sid/RBE500/ros/install/py_intpubsub/share/py_intpubsub
running install_egg_info
Copying ../../build/py_intpubsub/py_intpubsub.egg-info to /home/sid/RBE500/ros/install/py_intpubsub/lib/python3.10/site-packages/py_intpubsub-0.0.0-py3.10.egg-info
running install_scripts
Installing listener script to /home/sid/RBE500/ros/install/py_intpubsub/lib/py_intpubsub
Installing talker script to /home/sid/RBE500/ros/install/py_intpubsub/lib/py_intpubsub
writing list of installed files to '/home/sid/RBE500/ros/build/py_intpubsub/install.log'
