[0.332s] DEBUG:colcon:Command line arguments: ['/usr/bin/colcon', 'build', '--packages-select', 'euler_to_quat']
[0.332s] DEBUG:colcon:Parsed command line arguments: Namespace(log_base=None, log_level=None, verb_name='build', build_base='build', install_base='install', merge_install=False, symlink_install=False, test_result_base=None, continue_on_error=False, executor='parallel', parallel_workers=4, event_handlers=None, ignore_user_meta=False, metas=['./colcon.meta'], base_paths=['.'], packages_ignore=None, packages_ignore_regex=None, paths=None, packages_up_to=None, packages_up_to_regex=None, packages_above=None, packages_above_and_dependencies=None, packages_above_depth=None, packages_select_by_dep=None, packages_skip_by_dep=None, packages_skip_up_to=None, packages_select_build_failed=False, packages_skip_build_finished=False, packages_select_test_failures=False, packages_skip_test_passed=False, packages_select=['euler_to_quat'], packages_skip=None, packages_select_regex=None, packages_skip_regex=None, packages_start=None, packages_end=None, allow_overriding=[], cmake_args=None, cmake_target=None, cmake_target_skip_unavailable=False, cmake_clean_cache=False, cmake_clean_first=False, cmake_force_configure=False, ament_cmake_args=None, catkin_cmake_args=None, catkin_skip_building_tests=False, verb_parser=<colcon_defaults.argument_parser.defaults.DefaultArgumentsDecorator object at 0x7f8e041c6680>, verb_extension=<colcon_core.verb.build.BuildVerb object at 0x7f8e04b782b0>, main=<bound method BuildVerb.main of <colcon_core.verb.build.BuildVerb object at 0x7f8e04b782b0>>)
[0.361s] Level 1:colcon.colcon_core.package_discovery:discover_packages(colcon_meta) check parameters
[0.361s] Level 1:colcon.colcon_core.package_discovery:discover_packages(recursive) check parameters
[0.361s] Level 1:colcon.colcon_core.package_discovery:discover_packages(ignore) check parameters
[0.361s] Level 1:colcon.colcon_core.package_discovery:discover_packages(path) check parameters
[0.361s] Level 1:colcon.colcon_core.package_discovery:discover_packages(colcon_meta) discover
[0.361s] Level 1:colcon.colcon_core.package_discovery:discover_packages(recursive) discover
[0.361s] INFO:colcon.colcon_core.package_discovery:Crawling recursively for packages in '/home/sid/RBE500/ros'
[0.361s] Level 1:colcon.colcon_core.package_identification:_identify(.) by extensions ['ignore', 'ignore_ament_install']
[0.361s] Level 1:colcon.colcon_core.package_identification:_identify(.) by extension 'ignore'
[0.361s] Level 1:colcon.colcon_core.package_identification:_identify(.) by extension 'ignore_ament_install'
[0.362s] Level 1:colcon.colcon_core.package_identification:_identify(.) by extensions ['colcon_pkg']
[0.362s] Level 1:colcon.colcon_core.package_identification:_identify(.) by extension 'colcon_pkg'
[0.362s] Level 1:colcon.colcon_core.package_identification:_identify(.) by extensions ['colcon_meta']
[0.362s] Level 1:colcon.colcon_core.package_identification:_identify(.) by extension 'colcon_meta'
[0.362s] Level 1:colcon.colcon_core.package_identification:_identify(.) by extensions ['ros']
[0.362s] Level 1:colcon.colcon_core.package_identification:_identify(.) by extension 'ros'
[0.383s] Level 1:colcon.colcon_core.package_identification:_identify(.) by extensions ['cmake', 'python']
[0.383s] Level 1:colcon.colcon_core.package_identification:_identify(.) by extension 'cmake'
[0.383s] Level 1:colcon.colcon_core.package_identification:_identify(.) by extension 'python'
[0.383s] Level 1:colcon.colcon_core.package_identification:_identify(.) by extensions ['python_setup_py']
[0.383s] Level 1:colcon.colcon_core.package_identification:_identify(.) by extension 'python_setup_py'
[0.383s] Level 1:colcon.colcon_core.package_identification:_identify(build) by extensions ['ignore', 'ignore_ament_install']
[0.383s] Level 1:colcon.colcon_core.package_identification:_identify(build) by extension 'ignore'
[0.383s] Level 1:colcon.colcon_core.package_identification:_identify(build) ignored
[0.383s] Level 1:colcon.colcon_core.package_identification:_identify(install) by extensions ['ignore', 'ignore_ament_install']
[0.384s] Level 1:colcon.colcon_core.package_identification:_identify(install) by extension 'ignore'
[0.384s] Level 1:colcon.colcon_core.package_identification:_identify(install) ignored
[0.384s] Level 1:colcon.colcon_core.package_identification:_identify(log) by extensions ['ignore', 'ignore_ament_install']
[0.384s] Level 1:colcon.colcon_core.package_identification:_identify(log) by extension 'ignore'
[0.384s] Level 1:colcon.colcon_core.package_identification:_identify(log) ignored
[0.384s] Level 1:colcon.colcon_core.package_identification:_identify(src) by extensions ['ignore', 'ignore_ament_install']
[0.384s] Level 1:colcon.colcon_core.package_identification:_identify(src) by extension 'ignore'
[0.384s] Level 1:colcon.colcon_core.package_identification:_identify(src) by extension 'ignore_ament_install'
[0.384s] Level 1:colcon.colcon_core.package_identification:_identify(src) by extensions ['colcon_pkg']
[0.384s] Level 1:colcon.colcon_core.package_identification:_identify(src) by extension 'colcon_pkg'
[0.384s] Level 1:colcon.colcon_core.package_identification:_identify(src) by extensions ['colcon_meta']
[0.384s] Level 1:colcon.colcon_core.package_identification:_identify(src) by extension 'colcon_meta'
[0.384s] Level 1:colcon.colcon_core.package_identification:_identify(src) by extensions ['ros']
[0.384s] Level 1:colcon.colcon_core.package_identification:_identify(src) by extension 'ros'
[0.384s] Level 1:colcon.colcon_core.package_identification:_identify(src) by extensions ['cmake', 'python']
[0.384s] Level 1:colcon.colcon_core.package_identification:_identify(src) by extension 'cmake'
[0.384s] Level 1:colcon.colcon_core.package_identification:_identify(src) by extension 'python'
[0.384s] Level 1:colcon.colcon_core.package_identification:_identify(src) by extensions ['python_setup_py']
[0.384s] Level 1:colcon.colcon_core.package_identification:_identify(src) by extension 'python_setup_py'
[0.384s] Level 1:colcon.colcon_core.package_identification:_identify(src/euler_to_quat) by extensions ['ignore', 'ignore_ament_install']
[0.385s] Level 1:colcon.colcon_core.package_identification:_identify(src/euler_to_quat) by extension 'ignore'
[0.385s] Level 1:colcon.colcon_core.package_identification:_identify(src/euler_to_quat) by extension 'ignore_ament_install'
[0.385s] Level 1:colcon.colcon_core.package_identification:_identify(src/euler_to_quat) by extensions ['colcon_pkg']
[0.385s] Level 1:colcon.colcon_core.package_identification:_identify(src/euler_to_quat) by extension 'colcon_pkg'
[0.385s] Level 1:colcon.colcon_core.package_identification:_identify(src/euler_to_quat) by extensions ['colcon_meta']
[0.385s] Level 1:colcon.colcon_core.package_identification:_identify(src/euler_to_quat) by extension 'colcon_meta'
[0.385s] Level 1:colcon.colcon_core.package_identification:_identify(src/euler_to_quat) by extensions ['ros']
[0.385s] Level 1:colcon.colcon_core.package_identification:_identify(src/euler_to_quat) by extension 'ros'
[0.387s] DEBUG:colcon.colcon_core.package_identification:Package 'src/euler_to_quat' with type 'ros.ament_python' and name 'euler_to_quat'
[0.387s] Level 1:colcon.colcon_core.package_identification:_identify(src/py_intpubsub) by extensions ['ignore', 'ignore_ament_install']
[0.387s] Level 1:colcon.colcon_core.package_identification:_identify(src/py_intpubsub) by extension 'ignore'
[0.387s] Level 1:colcon.colcon_core.package_identification:_identify(src/py_intpubsub) by extension 'ignore_ament_install'
[0.387s] Level 1:colcon.colcon_core.package_identification:_identify(src/py_intpubsub) by extensions ['colcon_pkg']
[0.387s] Level 1:colcon.colcon_core.package_identification:_identify(src/py_intpubsub) by extension 'colcon_pkg'
[0.387s] Level 1:colcon.colcon_core.package_identification:_identify(src/py_intpubsub) by extensions ['colcon_meta']
[0.387s] Level 1:colcon.colcon_core.package_identification:_identify(src/py_intpubsub) by extension 'colcon_meta'
[0.387s] Level 1:colcon.colcon_core.package_identification:_identify(src/py_intpubsub) by extensions ['ros']
[0.387s] Level 1:colcon.colcon_core.package_identification:_identify(src/py_intpubsub) by extension 'ros'
[0.388s] DEBUG:colcon.colcon_core.package_identification:Package 'src/py_intpubsub' with type 'ros.ament_python' and name 'py_intpubsub'
[0.388s] Level 1:colcon.colcon_core.package_identification:_identify(src/sid_package) by extensions ['ignore', 'ignore_ament_install']
[0.388s] Level 1:colcon.colcon_core.package_identification:_identify(src/sid_package) by extension 'ignore'
[0.388s] Level 1:colcon.colcon_core.package_identification:_identify(src/sid_package) by extension 'ignore_ament_install'
[0.388s] Level 1:colcon.colcon_core.package_identification:_identify(src/sid_package) by extensions ['colcon_pkg']
[0.388s] Level 1:colcon.colcon_core.package_identification:_identify(src/sid_package) by extension 'colcon_pkg'
[0.388s] Level 1:colcon.colcon_core.package_identification:_identify(src/sid_package) by extensions ['colcon_meta']
[0.388s] Level 1:colcon.colcon_core.package_identification:_identify(src/sid_package) by extension 'colcon_meta'
[0.388s] Level 1:colcon.colcon_core.package_identification:_identify(src/sid_package) by extensions ['ros']
[0.388s] Level 1:colcon.colcon_core.package_identification:_identify(src/sid_package) by extension 'ros'
[0.389s] DEBUG:colcon.colcon_core.package_identification:Package 'src/sid_package' with type 'ros.ament_python' and name 'sid_package'
[0.389s] Level 1:colcon.colcon_core.package_discovery:discover_packages(recursive) using defaults
[0.389s] Level 1:colcon.colcon_core.package_discovery:discover_packages(ignore) discover
[0.389s] Level 1:colcon.colcon_core.package_discovery:discover_packages(ignore) using defaults
[0.389s] Level 1:colcon.colcon_core.package_discovery:discover_packages(path) discover
[0.389s] Level 1:colcon.colcon_core.package_discovery:discover_packages(path) using defaults
[0.411s] INFO:colcon.colcon_core.package_selection:Skipping not selected package 'py_intpubsub' in 'src/py_intpubsub'
[0.411s] INFO:colcon.colcon_core.package_selection:Skipping not selected package 'sid_package' in 'src/sid_package'
[0.412s] Level 1:colcon.colcon_core.package_discovery:discover_packages(prefix_path) check parameters
[0.412s] Level 1:colcon.colcon_core.package_discovery:discover_packages(prefix_path) discover
[0.415s] DEBUG:colcon.colcon_installed_package_information.package_discovery:Found 283 installed packages in /opt/ros/humble
[0.416s] Level 1:colcon.colcon_core.package_discovery:discover_packages(prefix_path) using defaults
[0.478s] Level 5:colcon.colcon_core.verb:set package 'euler_to_quat' build argument 'cmake_args' from command line to 'None'
[0.478s] Level 5:colcon.colcon_core.verb:set package 'euler_to_quat' build argument 'cmake_target' from command line to 'None'
[0.478s] Level 5:colcon.colcon_core.verb:set package 'euler_to_quat' build argument 'cmake_target_skip_unavailable' from command line to 'False'
[0.478s] Level 5:colcon.colcon_core.verb:set package 'euler_to_quat' build argument 'cmake_clean_cache' from command line to 'False'
[0.478s] Level 5:colcon.colcon_core.verb:set package 'euler_to_quat' build argument 'cmake_clean_first' from command line to 'False'
[0.478s] Level 5:colcon.colcon_core.verb:set package 'euler_to_quat' build argument 'cmake_force_configure' from command line to 'False'
[0.478s] Level 5:colcon.colcon_core.verb:set package 'euler_to_quat' build argument 'ament_cmake_args' from command line to 'None'
[0.478s] Level 5:colcon.colcon_core.verb:set package 'euler_to_quat' build argument 'catkin_cmake_args' from command line to 'None'
[0.478s] Level 5:colcon.colcon_core.verb:set package 'euler_to_quat' build argument 'catkin_skip_building_tests' from command line to 'False'
[0.478s] DEBUG:colcon.colcon_core.verb:Building package 'euler_to_quat' with the following arguments: {'ament_cmake_args': None, 'build_base': '/home/sid/RBE500/ros/build/euler_to_quat', 'catkin_cmake_args': None, 'catkin_skip_building_tests': False, 'cmake_args': None, 'cmake_clean_cache': False, 'cmake_clean_first': False, 'cmake_force_configure': False, 'cmake_target': None, 'cmake_target_skip_unavailable': False, 'install_base': '/home/sid/RBE500/ros/install/euler_to_quat', 'merge_install': False, 'path': '/home/sid/RBE500/ros/src/euler_to_quat', 'symlink_install': False, 'test_result_base': None}
[0.479s] INFO:colcon.colcon_core.executor:Executing jobs using 'parallel' executor
[0.482s] DEBUG:colcon.colcon_parallel_executor.executor.parallel:run_until_complete
[0.482s] INFO:colcon.colcon_ros.task.ament_python.build:Building ROS package in '/home/sid/RBE500/ros/src/euler_to_quat' with build type 'ament_python'
[0.482s] Level 1:colcon.colcon_core.shell:create_environment_hook('euler_to_quat', 'ament_prefix_path')
[0.488s] INFO:colcon.colcon_core.plugin_system:Skipping extension 'colcon_core.shell.bat': Not used on non-Windows systems
[0.488s] INFO:colcon.colcon_core.shell:Creating environment hook '/home/sid/RBE500/ros/install/euler_to_quat/share/euler_to_quat/hook/ament_prefix_path.ps1'
[0.489s] INFO:colcon.colcon_core.shell:Creating environment descriptor '/home/sid/RBE500/ros/install/euler_to_quat/share/euler_to_quat/hook/ament_prefix_path.dsv'
[0.489s] INFO:colcon.colcon_core.shell:Creating environment hook '/home/sid/RBE500/ros/install/euler_to_quat/share/euler_to_quat/hook/ament_prefix_path.sh'
[0.492s] INFO:colcon.colcon_core.shell:Skip shell extension 'powershell' for command environment: Not usable outside of PowerShell
[0.492s] DEBUG:colcon.colcon_core.shell:Skip shell extension 'dsv' for command environment
[0.745s] INFO:colcon.colcon_core.task.python.build:Building Python package in '/home/sid/RBE500/ros/src/euler_to_quat'
[0.747s] INFO:colcon.colcon_core.shell:Skip shell extension 'powershell' for command environment: Not usable outside of PowerShell
[0.747s] DEBUG:colcon.colcon_core.shell:Skip shell extension 'dsv' for command environment
[1.081s] DEBUG:colcon.colcon_core.event_handler.log_command:Invoking command in '/home/sid/RBE500/ros/src/euler_to_quat': PS1=(rbe-500) \[\e]0;\u@\h: \w\a\]${debian_chroot:+($debian_chroot)}\[\033[01;32m\]\u@\h\[\033[00m\]:\[\033[01;34m\]\w\[\033[00m\]\$ PYTHONPATH=/home/sid/RBE500/ros/install/euler_to_quat/lib/python3.10/site-packages:${PYTHONPATH} VIRTUAL_ENV_PROMPT=(rbe-500) /usr/bin/python3 setup.py egg_info --egg-base ../../build/euler_to_quat build --build-base /home/sid/RBE500/ros/build/euler_to_quat/build install --prefix /home/sid/RBE500/ros/install/euler_to_quat --record /home/sid/RBE500/ros/build/euler_to_quat/install.log --single-version-externally-managed
[1.366s] DEBUG:colcon.colcon_core.event_handler.log_command:Invoked command in '/home/sid/RBE500/ros/src/euler_to_quat' returned '0': PS1=(rbe-500) \[\e]0;\u@\h: \w\a\]${debian_chroot:+($debian_chroot)}\[\033[01;32m\]\u@\h\[\033[00m\]:\[\033[01;34m\]\w\[\033[00m\]\$ PYTHONPATH=/home/sid/RBE500/ros/install/euler_to_quat/lib/python3.10/site-packages:${PYTHONPATH} VIRTUAL_ENV_PROMPT=(rbe-500) /usr/bin/python3 setup.py egg_info --egg-base ../../build/euler_to_quat build --build-base /home/sid/RBE500/ros/build/euler_to_quat/build install --prefix /home/sid/RBE500/ros/install/euler_to_quat --record /home/sid/RBE500/ros/build/euler_to_quat/install.log --single-version-externally-managed
[1.370s] Level 1:colcon.colcon_core.environment:checking '/home/sid/RBE500/ros/install/euler_to_quat' for CMake module files
[1.370s] Level 1:colcon.colcon_core.environment:checking '/home/sid/RBE500/ros/install/euler_to_quat' for CMake config files
[1.371s] Level 1:colcon.colcon_core.environment:checking '/home/sid/RBE500/ros/install/euler_to_quat/lib'
[1.371s] Level 1:colcon.colcon_core.environment:checking '/home/sid/RBE500/ros/install/euler_to_quat/bin'
[1.371s] Level 1:colcon.colcon_core.environment:checking '/home/sid/RBE500/ros/install/euler_to_quat/lib/pkgconfig/euler_to_quat.pc'
[1.372s] Level 1:colcon.colcon_core.environment:checking '/home/sid/RBE500/ros/install/euler_to_quat/lib/python3.10/site-packages'
[1.372s] Level 1:colcon.colcon_core.shell:create_environment_hook('euler_to_quat', 'pythonpath')
[1.373s] INFO:colcon.colcon_core.shell:Creating environment hook '/home/sid/RBE500/ros/install/euler_to_quat/share/euler_to_quat/hook/pythonpath.ps1'
[1.374s] INFO:colcon.colcon_core.shell:Creating environment descriptor '/home/sid/RBE500/ros/install/euler_to_quat/share/euler_to_quat/hook/pythonpath.dsv'
[1.374s] INFO:colcon.colcon_core.shell:Creating environment hook '/home/sid/RBE500/ros/install/euler_to_quat/share/euler_to_quat/hook/pythonpath.sh'
[1.374s] Level 1:colcon.colcon_core.environment:checking '/home/sid/RBE500/ros/install/euler_to_quat/bin'
[1.374s] Level 1:colcon.colcon_core.environment:create_environment_scripts_only(euler_to_quat)
[1.376s] INFO:colcon.colcon_core.shell:Creating package script '/home/sid/RBE500/ros/install/euler_to_quat/share/euler_to_quat/package.ps1'
[1.377s] INFO:colcon.colcon_core.shell:Creating package descriptor '/home/sid/RBE500/ros/install/euler_to_quat/share/euler_to_quat/package.dsv'
[1.377s] INFO:colcon.colcon_core.shell:Creating package script '/home/sid/RBE500/ros/install/euler_to_quat/share/euler_to_quat/package.sh'
[1.378s] INFO:colcon.colcon_core.shell:Creating package script '/home/sid/RBE500/ros/install/euler_to_quat/share/euler_to_quat/package.bash'
[1.378s] INFO:colcon.colcon_core.shell:Creating package script '/home/sid/RBE500/ros/install/euler_to_quat/share/euler_to_quat/package.zsh'
[1.379s] Level 1:colcon.colcon_core.environment:create_file_with_runtime_dependencies(/home/sid/RBE500/ros/install/euler_to_quat/share/colcon-core/packages/euler_to_quat)
[1.379s] DEBUG:colcon.colcon_parallel_executor.executor.parallel:closing loop
[1.380s] DEBUG:colcon.colcon_parallel_executor.executor.parallel:loop closed
[1.380s] DEBUG:colcon.colcon_parallel_executor.executor.parallel:run_until_complete finished with '0'
[1.380s] DEBUG:colcon.colcon_core.event_reactor:joining thread
[1.387s] INFO:colcon.colcon_core.plugin_system:Skipping extension 'colcon_notification.desktop_notification.terminal_notifier': Not used on non-Darwin systems
[1.387s] INFO:colcon.colcon_core.plugin_system:Skipping extension 'colcon_notification.desktop_notification.win32': Not used on non-Windows systems
[1.387s] INFO:colcon.colcon_notification.desktop_notification:Sending desktop notification using 'notify2'
[1.402s] DEBUG:colcon.colcon_core.event_reactor:joined thread
[1.404s] INFO:colcon.colcon_core.shell:Creating prefix script '/home/sid/RBE500/ros/install/local_setup.ps1'
[1.405s] INFO:colcon.colcon_core.shell:Creating prefix util module '/home/sid/RBE500/ros/install/_local_setup_util_ps1.py'
[1.407s] INFO:colcon.colcon_core.shell:Creating prefix chain script '/home/sid/RBE500/ros/install/setup.ps1'
[1.410s] INFO:colcon.colcon_core.shell:Creating prefix script '/home/sid/RBE500/ros/install/local_setup.sh'
[1.410s] INFO:colcon.colcon_core.shell:Creating prefix util module '/home/sid/RBE500/ros/install/_local_setup_util_sh.py'
[1.411s] INFO:colcon.colcon_core.shell:Creating prefix chain script '/home/sid/RBE500/ros/install/setup.sh'
[1.413s] INFO:colcon.colcon_core.shell:Creating prefix script '/home/sid/RBE500/ros/install/local_setup.bash'
[1.413s] INFO:colcon.colcon_core.shell:Creating prefix chain script '/home/sid/RBE500/ros/install/setup.bash'
[1.415s] INFO:colcon.colcon_core.shell:Creating prefix script '/home/sid/RBE500/ros/install/local_setup.zsh'
[1.415s] INFO:colcon.colcon_core.shell:Creating prefix chain script '/home/sid/RBE500/ros/install/setup.zsh'
