running egg_info
creating ../../build/sid_package/sid_package.egg-info
writing ../../build/sid_package/sid_package.egg-info/PKG-INFO
writing dependency_links to ../../build/sid_package/sid_package.egg-info/dependency_links.txt
writing entry points to ../../build/sid_package/sid_package.egg-info/entry_points.txt
writing requirements to ../../build/sid_package/sid_package.egg-info/requires.txt
writing top-level names to ../../build/sid_package/sid_package.egg-info/top_level.txt
writing manifest file '../../build/sid_package/sid_package.egg-info/SOURCES.txt'
reading manifest file '../../build/sid_package/sid_package.egg-info/SOURCES.txt'
writing manifest file '../../build/sid_package/sid_package.egg-info/SOURCES.txt'
running build
running build_py
creating /home/sid/RBE500/ros/build/sid_package/build
creating /home/sid/RBE500/ros/build/sid_package/build/lib
creating /home/sid/RBE500/ros/build/sid_package/build/lib/sid_package
copying sid_package/__init__.py -> /home/sid/RBE500/ros/build/sid_package/build/lib/sid_package
running install
running install_lib
creating /home/sid/RBE500/ros/install/sid_package/lib/python3.10/site-packages/sid_package
copying /home/sid/RBE500/ros/build/sid_package/build/lib/sid_package/__init__.py -> /home/sid/RBE500/ros/install/sid_package/lib/python3.10/site-packages/sid_package
byte-compiling /home/sid/RBE500/ros/install/sid_package/lib/python3.10/site-packages/sid_package/__init__.py to __init__.cpython-310.pyc
running install_data
creating /home/sid/RBE500/ros/install/sid_package/share/ament_index
creating /home/sid/RBE500/ros/install/sid_package/share/ament_index/resource_index
creating /home/sid/RBE500/ros/install/sid_package/share/ament_index/resource_index/packages
copying resource/sid_package -> /home/sid/RBE500/ros/install/sid_package/share/ament_index/resource_index/packages
copying package.xml -> /home/sid/RBE500/ros/install/sid_package/share/sid_package
running install_egg_info
Copying ../../build/sid_package/sid_package.egg-info to /home/sid/RBE500/ros/install/sid_package/lib/python3.10/site-packages/sid_package-0.0.0-py3.10.egg-info
running install_scripts
writing list of installed files to '/home/sid/RBE500/ros/build/sid_package/install.log'
